This is pdfTeX, Version 3.14159265-2.6-1.40.21 (MiKTeX 20.7) (preloaded format=pdflatex 2020.9.16)  20 MAR 2021 02:44
entering extended mode
**./Masterarbeit_Hannes_Hinrichs.tex
(Masterarbeit_Hannes_Hinrichs.tex
LaTeX2e <2020-02-02> patch level 5
L3 programming layer <2020-09-03> (B:\MiKTeX\tex/latex/base\article.cls
Document Class: article 2019/12/20 v1.4l Standard LaTeX document class
(B:\MiKTeX\tex/latex/base\size11.clo
File: size11.clo 2019/12/20 v1.4l Standard LaTeX file (size option)
)
\c@part=\count168
\c@section=\count169
\c@subsection=\count170
\c@subsubsection=\count171
\c@paragraph=\count172
\c@subparagraph=\count173
\c@figure=\count174
\c@table=\count175
\abovecaptionskip=\skip47
\belowcaptionskip=\skip48
\bibindent=\dimen134
)
(B:\MiKTeX\tex/latex/booktabs\booktabs.sty
Package: booktabs 2020/01/12 v1.61803398 Publication quality tables
\heavyrulewidth=\dimen135
\lightrulewidth=\dimen136
\cmidrulewidth=\dimen137
\belowrulesep=\dimen138
\belowbottomsep=\dimen139
\aboverulesep=\dimen140
\abovetopsep=\dimen141
\cmidrulesep=\dimen142
\cmidrulekern=\dimen143
\defaultaddspace=\dimen144
\@cmidla=\count176
\@cmidlb=\count177
\@aboverulesep=\dimen145
\@belowrulesep=\dimen146
\@thisruleclass=\count178
\@lastruleclass=\count179
\@thisrulewidth=\dimen147
)
(B:\MiKTeX\tex/latex/multirow\multirow.sty
Package: multirow 2019/05/31 v2.5 Span multiple rows of a table
\multirow@colwidth=\skip49
\multirow@cntb=\count180
\multirow@dima=\skip50
\bigstrutjot=\dimen148
)
(B:\MiKTeX\tex/latex/graphics\rotating.sty
Package: rotating 2016/08/11 v2.16d rotated objects in LaTeX

(B:\MiKTeX\tex/latex/graphics\graphicx.sty
Package: graphicx 2019/11/30 v1.2a Enhanced LaTeX Graphics (DPC,SPQR)

(B:\MiKTeX\tex/latex/graphics\keyval.sty
Package: keyval 2014/10/28 v1.15 key=value parser (DPC)
\KV@toks@=\toks15
)
(B:\MiKTeX\tex/latex/graphics\graphics.sty
Package: graphics 2019/11/30 v1.4a Standard LaTeX Graphics (DPC,SPQR)

(B:\MiKTeX\tex/latex/graphics\trig.sty
Package: trig 2016/01/03 v1.10 sin cos tan (DPC)
)
(B:\MiKTeX\tex/latex/graphics-cfg\graphics.cfg
File: graphics.cfg 2016/06/04 v1.11 sample graphics configuration
)
Package graphics Info: Driver file: pdftex.def on input line 105.

(B:\MiKTeX\tex/latex/graphics-def\pdftex.def
File: pdftex.def 2020/08/26 v1.2 Graphics/color driver for pdftex
))
\Gin@req@height=\dimen149
\Gin@req@width=\dimen150
)
(B:\MiKTeX\tex/latex/base\ifthen.sty
Package: ifthen 2014/09/29 v1.1c Standard LaTeX ifthen package (DPC)
)
\c@r@tfl@t=\count181
\rotFPtop=\skip51
\rotFPbot=\skip52
\rot@float@box=\box45
\rot@mess@toks=\toks16
)
(B:\MiKTeX\tex/latex/varwidth\varwidth.sty
Package: varwidth 2009/03/30 ver 0.92;  Variable-width minipages
\@vwid@box=\box46
\sift@deathcycles=\count182
\@vwid@loff=\dimen151
\@vwid@roff=\dimen152
)
(B:\MiKTeX\tex/latex/tools\tabularx.sty
Package: tabularx 2020/01/15 v2.11c `tabularx' package (DPC)
 (B:\MiKTeX\tex/latex/tools\array.sty
Package: array 2019/08/31 v2.4l Tabular extension package (FMi)
\col@sep=\dimen153
\ar@mcellbox=\box47
\extrarowheight=\dimen154
\NC@list=\toks17
\extratabsurround=\skip53
\backup@length=\skip54
\ar@cellbox=\box48
)
\TX@col@width=\dimen155
\TX@old@table=\dimen156
\TX@old@col=\dimen157
\TX@target=\dimen158
\TX@delta=\dimen159
\TX@cols=\count183
\TX@ftn=\toks18
)
(B:\MiKTeX\tex/latex/amsmath\amsmath.sty
Package: amsmath 2020/01/20 v2.17e AMS math features
\@mathmargin=\skip55

For additional information on amsmath, use the `?' option.
(B:\MiKTeX\tex/latex/amsmath\amstext.sty
Package: amstext 2000/06/29 v2.01 AMS text

(B:\MiKTeX\tex/latex/amsmath\amsgen.sty
File: amsgen.sty 1999/11/30 v2.0 generic functions
\@emptytoks=\toks19
\ex@=\dimen160
))
(B:\MiKTeX\tex/latex/amsmath\amsbsy.sty
Package: amsbsy 1999/11/29 v1.2d Bold Symbols
\pmbraise@=\dimen161
)
(B:\MiKTeX\tex/latex/amsmath\amsopn.sty
Package: amsopn 2016/03/08 v2.02 operator names
)
\inf@bad=\count184
LaTeX Info: Redefining \frac on input line 227.
\uproot@=\count185
\leftroot@=\count186
LaTeX Info: Redefining \overline on input line 389.
\classnum@=\count187
\DOTSCASE@=\count188
LaTeX Info: Redefining \ldots on input line 486.
LaTeX Info: Redefining \dots on input line 489.
LaTeX Info: Redefining \cdots on input line 610.
\Mathstrutbox@=\box49
\strutbox@=\box50
\big@size=\dimen162
LaTeX Font Info:    Redeclaring font encoding OML on input line 733.
LaTeX Font Info:    Redeclaring font encoding OMS on input line 734.
\macc@depth=\count189
\c@MaxMatrixCols=\count190
\dotsspace@=\muskip16
\c@parentequation=\count191
\dspbrk@lvl=\count192
\tag@help=\toks20
\row@=\count193
\column@=\count194
\maxfields@=\count195
\andhelp@=\toks21
\eqnshift@=\dimen163
\alignsep@=\dimen164
\tagshift@=\dimen165
\tagwidth@=\dimen166
\totwidth@=\dimen167
\lineht@=\dimen168
\@envbody=\toks22
\multlinegap=\skip56
\multlinetaggap=\skip57
\mathdisplay@stack=\toks23
LaTeX Info: Redefining \[ on input line 2859.
LaTeX Info: Redefining \] on input line 2860.
)
(B:\MiKTeX\tex/latex/subfig\subfig.sty
Package: subfig 2005/06/28 ver: 1.3 subfig package
 (B:\MiKTeX\tex/latex/caption\caption.sty
Package: caption 2020/09/02 v3.5a Customizing captions (AR)
(B:\MiKTeX\tex/latex/caption\caption3.sty
Package: caption3 2020/08/30 v2.0 caption3 kernel (AR)
\captionmargin=\dimen169
\captionmargin@=\dimen170
\captionwidth=\dimen171
\caption@tempdima=\dimen172
\caption@indent=\dimen173
\caption@parindent=\dimen174
\caption@hangindent=\dimen175
Package caption Info: Standard document class detected.
)
\c@caption@flags=\count196
\c@continuedfloat=\count197
Package caption Info: rotating package is loaded.
)
\c@KVtest=\count198
\sf@farskip=\skip58
\sf@captopadj=\dimen176
\sf@capskip=\skip59
\sf@nearskip=\skip60
\c@subfigure=\count199
\c@subfigure@save=\count266
\c@lofdepth=\count267
\c@subtable=\count268
\c@subtable@save=\count269
\c@lotdepth=\count270
\sf@top=\skip61
\sf@bottom=\skip62
)
(B:\MiKTeX\tex/latex/enumitem\enumitem.sty
Package: enumitem 2019/06/20 v3.9 Customized lists
\labelindent=\skip63
\enit@outerparindent=\dimen177
\enit@toks=\toks24
\enit@inbox=\box51
\enit@count@id=\count271
\enitdp@description=\count272
)
(B:\MiKTeX\tex/latex/pslatex\pslatex.sty
Package: pslatex 2021/01/13 v1.3 pslatex emulation (DPC)
LaTeX Font Info:    Redeclaring symbol font `operators' on input line 66.
LaTeX Font Info:    Overwriting symbol font `operators' in version `normal'
(Font)                  OT1/cmr/m/n --> OT1/ptmcm/m/n on input line 66.
LaTeX Font Info:    Overwriting symbol font `operators' in version `bold'
(Font)                  OT1/cmr/bx/n --> OT1/ptmcm/m/n on input line 66.
LaTeX Font Info:    Redeclaring symbol font `letters' on input line 67.
LaTeX Font Info:    Overwriting symbol font `letters' in version `normal'
(Font)                  OML/cmm/m/it --> OML/ptmcm/m/it on input line 67.
LaTeX Font Info:    Overwriting symbol font `letters' in version `bold'
(Font)                  OML/cmm/b/it --> OML/ptmcm/m/it on input line 67.
LaTeX Font Info:    Redeclaring symbol font `symbols' on input line 68.
LaTeX Font Info:    Overwriting symbol font `symbols' in version `normal'
(Font)                  OMS/cmsy/m/n --> OMS/pzccm/m/n on input line 68.
LaTeX Font Info:    Overwriting symbol font `symbols' in version `bold'
(Font)                  OMS/cmsy/b/n --> OMS/pzccm/m/n on input line 68.
LaTeX Font Info:    Redeclaring symbol font `largesymbols' on input line 69.
LaTeX Font Info:    Overwriting symbol font `largesymbols' in version `normal'
(Font)                  OMX/cmex/m/n --> OMX/psycm/m/n on input line 69.
LaTeX Font Info:    Overwriting symbol font `largesymbols' in version `bold'
(Font)                  OMX/cmex/m/n --> OMX/psycm/m/n on input line 69.
\symbold=\mathgroup4
\symitalic=\mathgroup5
LaTeX Font Info:    Redeclaring math alphabet \mathbf on input line 75.
LaTeX Font Info:    Overwriting math alphabet `\mathbf' in version `normal'
(Font)                  OT1/cmr/bx/n --> OT1/ptm/bx/n on input line 75.
LaTeX Font Info:    Overwriting math alphabet `\mathbf' in version `bold'
(Font)                  OT1/cmr/bx/n --> OT1/ptm/bx/n on input line 75.
LaTeX Font Info:    Redeclaring math alphabet \mathit on input line 76.
LaTeX Font Info:    Overwriting math alphabet `\mathit' in version `normal'
(Font)                  OT1/cmr/m/it --> OT1/ptm/m/it on input line 76.
LaTeX Font Info:    Overwriting math alphabet `\mathit' in version `bold'
(Font)                  OT1/cmr/bx/it --> OT1/ptm/m/it on input line 76.
) (B:\MiKTeX\tex/latex/base\fontenc.sty
Package: fontenc 2020/02/11 v2.0o Standard LaTeX package
) (B:\MiKTeX\tex/latex/base\inputenc.sty
Package: inputenc 2018/08/11 v1.3c Input encoding file
\inpenc@prehook=\toks25
\inpenc@posthook=\toks26
)
(B:\MiKTeX\tex/generic/babel\babel.sty
Package: babel 2020/09/01 3.48 The Babel package
 (B:\MiKTeX\tex/generic/babel\babel.def
File: babel.def 2020/09/01 3.48 Babel common definitions
\babel@savecnt=\count273
\U@D=\dimen178
\l@babelnohyphens=\language79

(B:\MiKTeX\tex/generic/babel\txtbabel.def)
\bbl@readstream=\read2
)
\bbl@dirlevel=\count274

*************************************
* Local config file bblopts.cfg used
*
(B:\MiKTeX\tex/latex/arabi\bblopts.cfg
File: bblopts.cfg 2005/09/08 v0.1 add Arabic and Farsi to "declared" options of
 babel
)
(B:\MiKTeX\tex/latex/babel-german\ngerman.ldf
Language: ngerman 2020/07/21 v2.12 German support for babel (post-1996 orthogra
phy)

(B:\MiKTeX\tex/latex/babel-german\ngermanb.ldf
Language: ngermanb 2020/07/21 v2.12 German support for babel (post-1996 orthogr
aphy)
Package babel Info: Making " an active character on input line 121.
)))
(B:\MiKTeX\tex/latex/ragged2e\ragged2e.sty
Package: ragged2e 2019/07/28 v2.2 ragged2e Package (MS)
 (B:\MiKTeX\tex/latex/ms\everysel.sty
Package: everysel 2011/10/28 v1.2 EverySelectfont Package (MS)
)
\CenteringLeftskip=\skip64
\RaggedLeftLeftskip=\skip65
\RaggedRightLeftskip=\skip66
\CenteringRightskip=\skip67
\RaggedLeftRightskip=\skip68
\RaggedRightRightskip=\skip69
\CenteringParfillskip=\skip70
\RaggedLeftParfillskip=\skip71
\RaggedRightParfillskip=\skip72
\JustifyingParfillskip=\skip73
\CenteringParindent=\skip74
\RaggedLeftParindent=\skip75
\RaggedRightParindent=\skip76
\JustifyingParindent=\skip77
) (B:\MiKTeX\tex/latex/float\float.sty
Package: float 2001/11/08 v1.3d Float enhancements (AL)
\c@float@type=\count275
\float@exts=\toks27
\float@box=\box52
\@float@everytoks=\toks28
\@floatcapt=\box53
) (B:\MiKTeX\tex/latex/xcolor\xcolor.sty
Package: xcolor 2016/05/11 v2.12 LaTeX color extensions (UK)
(B:\MiKTeX\tex/latex/graphics-cfg\color.cfg
File: color.cfg 2016/01/02 v1.6 sample color configuration
)
Package xcolor Info: Driver file: pdftex.def on input line 225.
Package xcolor Info: Model `cmy' substituted by `cmy0' on input line 1348.
Package xcolor Info: Model `hsb' substituted by `rgb' on input line 1352.
Package xcolor Info: Model `RGB' extended on input line 1364.
Package xcolor Info: Model `HTML' substituted by `rgb' on input line 1366.
Package xcolor Info: Model `Hsb' substituted by `hsb' on input line 1367.
Package xcolor Info: Model `tHsb' substituted by `hsb' on input line 1368.
Package xcolor Info: Model `HSB' substituted by `hsb' on input line 1369.
Package xcolor Info: Model `Gray' substituted by `gray' on input line 1370.
Package xcolor Info: Model `wave' substituted by `hsb' on input line 1371.
)
(B:\MiKTeX\tex/latex/geometry\geometry.sty
Package: geometry 2020/01/02 v5.9 Page Geometry

(B:\MiKTeX\tex/generic/iftex\ifvtex.sty
Package: ifvtex 2019/10/25 v1.7 ifvtex legacy package. Use iftex instead.
 (B:\MiKTeX\tex/generic/iftex\iftex.sty
Package: iftex 2020/03/06 v1.0d TeX engine tests
))
\Gm@cnth=\count276
\Gm@cntv=\count277
\c@Gm@tempcnt=\count278
\Gm@bindingoffset=\dimen179
\Gm@wd@mp=\dimen180
\Gm@odd@mp=\dimen181
\Gm@even@mp=\dimen182
\Gm@layoutwidth=\dimen183
\Gm@layoutheight=\dimen184
\Gm@layouthoffset=\dimen185
\Gm@layoutvoffset=\dimen186
\Gm@dimlist=\toks29
 (B:\MiKTeX\tex/latex/geometry\geometry.cfg))
(B:\MiKTeX\tex/latex/fancyhdr\fancyhdr.sty
Package: fancyhdr 2019/01/31 v3.10 Extensive control of page headers and footer
s
\f@nch@headwidth=\skip78
\f@nch@O@elh=\skip79
\f@nch@O@erh=\skip80
\f@nch@O@olh=\skip81
\f@nch@O@orh=\skip82
\f@nch@O@elf=\skip83
\f@nch@O@erf=\skip84
\f@nch@O@olf=\skip85
\f@nch@O@orf=\skip86
)
(B:\MiKTeX\tex/latex/setspace\setspace.sty
Package: setspace 2011/12/19 v6.7a set line spacing
)
(B:\MiKTeX\tex/latex/biblatex\biblatex.sty
Package: biblatex 2020/08/23 v3.15a programmable bibliographies (PK/MW)

(B:\MiKTeX\tex/generic/pdftexcmds\pdftexcmds.sty
Package: pdftexcmds 2020-06-27 v0.33 Utility functions of pdfTeX for LuaTeX (HO
)

(B:\MiKTeX\tex/generic/infwarerr\infwarerr.sty
Package: infwarerr 2019/12/03 v1.5 Providing info/warning/error messages (HO)
)
(B:\MiKTeX\tex/generic/ltxcmds\ltxcmds.sty
Package: ltxcmds 2019/12/15 v1.24 LaTeX kernel commands for general use (HO)
)
Package pdftexcmds Info: \pdf@primitive is available.
Package pdftexcmds Info: \pdf@ifprimitive is available.
Package pdftexcmds Info: \pdfdraftmode found.
)
(B:\MiKTeX\tex/latex/etoolbox\etoolbox.sty
Package: etoolbox 2020/08/24 v2.5j e-TeX tools for LaTeX (JAW)
\etb@tempcnta=\count279
)
(B:\MiKTeX\tex/latex/kvoptions\kvoptions.sty
Package: kvoptions 2019/11/29 v3.13 Key value format for package options (HO)

(B:\MiKTeX\tex/generic/kvsetkeys\kvsetkeys.sty
Package: kvsetkeys 2019/12/15 v1.18 Key value parser (HO)
))
(B:\MiKTeX\tex/latex/logreq\logreq.sty
Package: logreq 2010/08/04 v1.0 xml request logger
\lrq@indent=\count280
 (B:\MiKTeX\tex/latex/logreq\logreq.def
File: logreq.def 2010/08/04 v1.0 logreq spec v1.0
)) (B:\MiKTeX\tex/latex/url\url.sty
\Urlmuskip=\muskip17
Package: url 2013/09/16  ver 3.4  Verb mode for urls, etc.
)
\c@tabx@nest=\count281
\c@listtotal=\count282
\c@listcount=\count283
\c@liststart=\count284
\c@liststop=\count285
\c@citecount=\count286
\c@citetotal=\count287
\c@multicitecount=\count288
\c@multicitetotal=\count289
\c@instcount=\count290
\c@maxnames=\count291
\c@minnames=\count292
\c@maxitems=\count293
\c@minitems=\count294
\c@citecounter=\count295
\c@maxcitecounter=\count296
\c@savedcitecounter=\count297
\c@uniquelist=\count298
\c@uniquename=\count299
\c@refsection=\count300
\c@refsegment=\count301
\c@maxextratitle=\count302
\c@maxextratitleyear=\count303
\c@maxextraname=\count304
\c@maxextradate=\count305
\c@maxextraalpha=\count306
\c@abbrvpenalty=\count307
\c@highnamepenalty=\count308
\c@lownamepenalty=\count309
\c@maxparens=\count310
\c@parenlevel=\count311
\blx@tempcnta=\count312
\blx@tempcntb=\count313
\blx@tempcntc=\count314
\blx@maxsection=\count315
\blx@maxsegment@0=\count316
\blx@notetype=\count317
\blx@parenlevel@text=\count318
\blx@parenlevel@foot=\count319
\blx@sectionciteorder@0=\count320
\blx@entrysetcounter=\count321
\blx@biblioinstance=\count322
\labelnumberwidth=\skip87
\labelalphawidth=\skip88
\biblabelsep=\skip89
\bibitemsep=\skip90
\bibnamesep=\skip91
\bibinitsep=\skip92
\bibparsep=\skip93
\bibhang=\skip94
\blx@bcfin=\read3
\blx@bcfout=\write3
\blx@langwohyphens=\language80
\c@mincomprange=\count323
\c@maxcomprange=\count324
\c@mincompwidth=\count325
Package biblatex Info: Trying to load biblatex default data model...
Package biblatex Info: ... file 'blx-dm.def' found.
 (B:\MiKTeX\tex/latex/biblatex\blx-dm.def
File: blx-dm.def 2020/08/23 v3.15a biblatex localization (PK/MW)
)
Package biblatex Info: Trying to load biblatex style data model...
Package biblatex Info: ... file 'alphabetic.dbx' not found.
Package biblatex Info: Trying to load biblatex custom data model...
Package biblatex Info: ... file 'biblatex-dm.cfg' not found.
\c@afterword=\count326
\c@savedafterword=\count327
\c@annotator=\count328
\c@savedannotator=\count329
\c@author=\count330
\c@savedauthor=\count331
\c@bookauthor=\count332
\c@savedbookauthor=\count333
\c@commentator=\count334
\c@savedcommentator=\count335
\c@editor=\count336
\c@savededitor=\count337
\c@editora=\count338
\c@savededitora=\count339
\c@editorb=\count340
\c@savededitorb=\count341
\c@editorc=\count342
\c@savededitorc=\count343
\c@foreword=\count344
\c@savedforeword=\count345
\c@holder=\count346
\c@savedholder=\count347
\c@introduction=\count348
\c@savedintroduction=\count349
\c@namea=\count350
\c@savednamea=\count351
\c@nameb=\count352
\c@savednameb=\count353
\c@namec=\count354
\c@savednamec=\count355
\c@translator=\count356
\c@savedtranslator=\count357
\c@shortauthor=\count358
\c@savedshortauthor=\count359
\c@shorteditor=\count360
\c@savedshorteditor=\count361
\c@labelname=\count362
\c@savedlabelname=\count363
\c@institution=\count364
\c@savedinstitution=\count365
\c@lista=\count366
\c@savedlista=\count367
\c@listb=\count368
\c@savedlistb=\count369
\c@listc=\count370
\c@savedlistc=\count371
\c@listd=\count372
\c@savedlistd=\count373
\c@liste=\count374
\c@savedliste=\count375
\c@listf=\count376
\c@savedlistf=\count377
\c@location=\count378
\c@savedlocation=\count379
\c@organization=\count380
\c@savedorganization=\count381
\c@origlocation=\count382
\c@savedoriglocation=\count383
\c@origpublisher=\count384
\c@savedorigpublisher=\count385
\c@publisher=\count386
\c@savedpublisher=\count387
\c@language=\count388
\c@savedlanguage=\count389
\c@origlanguage=\count390
\c@savedoriglanguage=\count391
\c@pageref=\count392
\c@savedpageref=\count393
\shorthandwidth=\skip95
\shortjournalwidth=\skip96
\shortserieswidth=\skip97
\shorttitlewidth=\skip98
\shortauthorwidth=\skip99
\shorteditorwidth=\skip100
\locallabelnumberwidth=\skip101
\locallabelalphawidth=\skip102
\localshorthandwidth=\skip103
\localshortjournalwidth=\skip104
\localshortserieswidth=\skip105
\localshorttitlewidth=\skip106
\localshortauthorwidth=\skip107
\localshorteditorwidth=\skip108
Package biblatex Info: Trying to load compatibility code...
Package biblatex Info: ... file 'blx-compat.def' found.

(B:\MiKTeX\tex/latex/biblatex\blx-compat.def
File: blx-compat.def 2020/08/23 v3.15a biblatex compatibility (PK/MW)
)
(B:\MiKTeX\tex/latex/l3kernel\expl3.sty
Package: expl3 2020-09-03 L3 programming layer (loader) 

(B:\MiKTeX\tex/latex/l3backend\l3backend-pdftex.def
File: l3backend-pdftex.def 2020-09-01 L3 backend support: PDF output (pdfTeX)
\l__kernel_color_stack_int=\count394
\l__pdf_internal_box=\box54
))
Package biblatex Info: expl3
(biblatex)             2020-09-03 L3 programming layer (loader) 
(biblatex)             is new enough (at least 2020/04/06),
(biblatex)             setting 'casechanger=expl3'.
Package biblatex Info: Trying to load expl3 case changing code...
Package biblatex Info: ... file 'blx-case-expl3.def' found.

(B:\MiKTeX\tex/latex/biblatex\blx-case-expl3.def
(B:\MiKTeX\tex/latex/l3packages/xparse\xparse.sty
Package: xparse 2020-05-15 L3 Experimental document command parser

(B:\MiKTeX\tex/latex/l3packages/xparse\xparse-generic.tex
\l__xparse_current_arg_int=\count395
\g__xparse_grabber_int=\count396
\l__xparse_m_args_int=\count397
\l__xparse_v_nesting_int=\count398
))
File: blx-case-expl3 2020/08/23 v3.15a expl3 case changing code for biblatex
)
Package biblatex Info: Trying to load BibTeX backend compatibility...
Package biblatex Info: ... file 'blx-bibtex.def' found.

(B:\MiKTeX\tex/latex/biblatex\blx-bibtex.def
File: blx-bibtex.def 2020/08/23 v3.15a biblatex compatibility (PK/MW)


Package biblatex Warning: Using fall-back BibTeX(8) backend:
(biblatex)                functionality may be reduced/unavailable.

)
Package biblatex Info: Trying to load generic definitions...
Package biblatex Info: ... file 'biblatex.def' found.
 (B:\MiKTeX\tex/latex/biblatex\biblatex.def
File: biblatex.def 2020/08/23 v3.15a biblatex compatibility (PK/MW)
\c@textcitecount=\count399
\c@textcitetotal=\count400
\c@textcitemaxnames=\count401
\c@biburlbigbreakpenalty=\count402
\c@biburlbreakpenalty=\count403
\c@biburlnumpenalty=\count404
\c@biburlucpenalty=\count405
\c@biburllcpenalty=\count406
\biburlbigskip=\muskip18
\biburlnumskip=\muskip19
\biburlucskip=\muskip20
\biburllcskip=\muskip21
\c@smartand=\count407
)
Package biblatex Info: Trying to load natbib compatibility...
Package biblatex Info: ... file 'blx-natbib.def' found.

(B:\MiKTeX\tex/latex/biblatex\blx-natbib.def
File: blx-natbib.def 2020/08/23 v3.15a biblatex compatibility (PK/MW)
Package biblatex Info: Delimiter 'nameyeardelim' in context '' already defined,
 overwriting.
)
Package biblatex Info: Trying to load bibliography style 'alphabetic'...
Package biblatex Info: ... file 'alphabetic.bbx' found.

(B:\MiKTeX\tex/latex/biblatex/bbx\alphabetic.bbx
File: alphabetic.bbx 2020/08/23 v3.15a biblatex bibliography style (PK/MW)
Package biblatex Info: Trying to load bibliography style 'standard'...
Package biblatex Info: ... file 'standard.bbx' found.

(B:\MiKTeX\tex/latex/biblatex/bbx\standard.bbx
File: standard.bbx 2020/08/23 v3.15a biblatex bibliography style (PK/MW)
\c@bbx:relatedcount=\count408
\c@bbx:relatedtotal=\count409
))
Package biblatex Info: Trying to load citation style 'alphabetic'...
Package biblatex Info: ... file 'alphabetic.cbx' found.

(B:\MiKTeX\tex/latex/biblatex/cbx\alphabetic.cbx
File: alphabetic.cbx 2020/08/23 v3.15a biblatex citation style (PK/MW)
Package biblatex Info: Redefining '\cite'.
Package biblatex Info: Redefining '\parencite'.
Package biblatex Info: Redefining '\footcite'.
Package biblatex Info: Redefining '\footcitetext'.
Package biblatex Info: Redefining '\smartcite'.
Package biblatex Info: Redefining '\textcite'.
Package biblatex Info: Redefining '\textcites'.
Package biblatex Info: Redefining '\cites'.
Package biblatex Info: Redefining '\parencites'.
Package biblatex Info: Redefining '\smartcites'.
)
Package biblatex Info: Trying to load configuration file...
Package biblatex Info: ... file 'biblatex.cfg' found.

(B:\MiKTeX\tex/latex/biblatex\biblatex.cfg
File: biblatex.cfg 
))
(B:\MiKTeX\tex/latex/relsize\relsize.sty
Package: relsize 2013/03/29 ver 4.1
)
(B:\MiKTeX\tex/latex/acronym\acronym.sty
Package: acronym 2020/04/17 v1.47 Support for acronyms (Tobias Oetiker)

(B:\MiKTeX\tex/latex/bigfoot\suffix.sty
Package: suffix 2006/07/15 1.5a Variant command support
)
(B:\MiKTeX\tex/latex/xstring\xstring.sty
(B:\MiKTeX\tex/generic/xstring\xstring.tex
\integerpart=\count410
\decimalpart=\count411
)
Package: xstring 2019/02/06 v1.83 String manipulations (CT)
)
\AC@clearlist=\toks30
)
(B:\MiKTeX\tex/latex/hyperref\hyperref.sty
Package: hyperref 2020-05-15 v7.00e Hypertext links for LaTeX

(B:\MiKTeX\tex/generic/kvdefinekeys\kvdefinekeys.sty
Package: kvdefinekeys 2019-12-19 v1.6 Define keys (HO)
)
(B:\MiKTeX\tex/generic/pdfescape\pdfescape.sty
Package: pdfescape 2019/12/09 v1.15 Implements pdfTeX's escape features (HO)
)
(B:\MiKTeX\tex/latex/hycolor\hycolor.sty
Package: hycolor 2020-01-27 v1.10 Color options for hyperref/bookmark (HO)
)
(B:\MiKTeX\tex/latex/letltxmacro\letltxmacro.sty
Package: letltxmacro 2019/12/03 v1.6 Let assignment for LaTeX macros (HO)
)
(B:\MiKTeX\tex/latex/auxhook\auxhook.sty
Package: auxhook 2019-12-17 v1.6 Hooks for auxiliary files (HO)
)
\@linkdim=\dimen187
\Hy@linkcounter=\count412
\Hy@pagecounter=\count413

(B:\MiKTeX\tex/latex/hyperref\pd1enc.def
File: pd1enc.def 2020-05-15 v7.00e Hyperref: PDFDocEncoding definition (HO)
Now handling font encoding PD1 ...
... no UTF-8 mapping file for font encoding PD1
)
(B:\MiKTeX\tex/generic/intcalc\intcalc.sty
Package: intcalc 2019/12/15 v1.3 Expandable calculations with integers (HO)
)
(B:\MiKTeX\tex/generic/etexcmds\etexcmds.sty
Package: etexcmds 2019/12/15 v1.7 Avoid name clashes with e-TeX commands (HO)
)
\Hy@SavedSpaceFactor=\count414
Package hyperref Info: Option `colorlinks' set `true' on input line 4338.
Package hyperref Info: Option `pdfpagelabels' set `true' on input line 4338.
Package hyperref Info: Option `bookmarksopen' set `true' on input line 4338.
Package hyperref Info: Option `bookmarksnumbered' set `true' on input line 4338
.
Package hyperref Info: Option `plainpages' set `false' on input line 4338.
Package hyperref Info: Option `hypertexnames' set `false' on input line 4338.
Package hyperref Info: Hyper figures OFF on input line 4464.
Package hyperref Info: Link nesting OFF on input line 4469.
Package hyperref Info: Hyper index ON on input line 4472.
Package hyperref Info: Plain pages OFF on input line 4479.
Package hyperref Info: Backreferencing OFF on input line 4484.
Package hyperref Info: Implicit mode ON; LaTeX internals redefined.
Package hyperref Info: Bookmarks ON on input line 4717.
\c@Hy@tempcnt=\count415
LaTeX Info: Redefining \url on input line 5076.
\XeTeXLinkMargin=\dimen188

(B:\MiKTeX\tex/generic/bitset\bitset.sty
Package: bitset 2019/12/09 v1.3 Handle bit-vector datatype (HO)

(B:\MiKTeX\tex/generic/bigintcalc\bigintcalc.sty
Package: bigintcalc 2019/12/15 v1.5 Expandable calculations on big integers (HO
)
))
\Fld@menulength=\count416
\Field@Width=\dimen189
\Fld@charsize=\dimen190
Package hyperref Info: Hyper figures OFF on input line 6347.
Package hyperref Info: Link nesting OFF on input line 6352.
Package hyperref Info: Hyper index ON on input line 6355.
Package hyperref Info: backreferencing OFF on input line 6362.
Package hyperref Info: Link coloring ON on input line 6365.
Package hyperref Info: Link coloring with OCG OFF on input line 6372.
Package hyperref Info: PDF/A mode OFF on input line 6377.
LaTeX Info: Redefining \ref on input line 6417.
LaTeX Info: Redefining \pageref on input line 6421.

(B:\MiKTeX\tex/generic/atbegshi\atbegshi.sty
Package: atbegshi 2019/12/05 v1.19 At begin shipout hook (HO)
)
\Hy@abspage=\count417
\c@Item=\count418
\c@Hfootnote=\count419
)
Package hyperref Info: Driver (autodetected): hpdftex.

(B:\MiKTeX\tex/latex/hyperref\hpdftex.def
File: hpdftex.def 2020-05-15 v7.00e Hyperref driver for pdfTeX

(B:\MiKTeX\tex/latex/atveryend\atveryend.sty
Package: atveryend 2019-12-11 v1.11 Hooks at the very end of document (HO)
)
\Fld@listcount=\count420
\c@bookmark@seq@number=\count421

(B:\MiKTeX\tex/latex/rerunfilecheck\rerunfilecheck.sty
Package: rerunfilecheck 2019/12/05 v1.9 Rerun checks for auxiliary files (HO)

(B:\MiKTeX\tex/generic/uniquecounter\uniquecounter.sty
Package: uniquecounter 2019/12/15 v1.4 Provide unlimited unique counter (HO)
)
Package uniquecounter Info: New unique counter `rerunfilecheck' on input line 2
86.
)
\Hy@SectionHShift=\skip109
)

Package biblatex Warning: 'babel/polyglossia' detected but 'csquotes' missing.
(biblatex)                Loading 'csquotes' recommended.

\@quotelevel=\count422
\@quotereset=\count423
(Masterarbeit_Hannes_Hinrichs.aux

LaTeX Warning: Label `Uncanny-Valley' multiply defined.


LaTeX Warning: Label `SD_SelbstCoPresence_Mittelwerte' multiply defined.


LaTeX Warning: Label `SD_Teameffektivit√§tBP' multiply defined.

)
\openout1 = `Masterarbeit_Hannes_Hinrichs.aux'.

LaTeX Font Info:    Checking defaults for OML/cmm/m/it on input line 62.
LaTeX Font Info:    ... okay on input line 62.
LaTeX Font Info:    Checking defaults for OMS/pzccm/m/n on input line 62.
LaTeX Font Info:    Trying to load font information for OMS+pzccm on input line
 62.
 (B:\MiKTeX\tex/latex/psnfss\omspzccm.fd
File: omspzccm.fd 2000/01/03 Fontinst v1.801 font definitions for OMS/pzccm.
)
LaTeX Font Info:    ... okay on input line 62.
LaTeX Font Info:    Checking defaults for OT1/cmr/m/n on input line 62.
LaTeX Font Info:    ... okay on input line 62.
LaTeX Font Info:    Checking defaults for T1/cmr/m/n on input line 62.
LaTeX Font Info:    ... okay on input line 62.
LaTeX Font Info:    Checking defaults for TS1/cmr/m/n on input line 62.
LaTeX Font Info:    ... okay on input line 62.
LaTeX Font Info:    Checking defaults for OMX/cmex/m/n on input line 62.
LaTeX Font Info:    ... okay on input line 62.
LaTeX Font Info:    Checking defaults for U/cmr/m/n on input line 62.
LaTeX Font Info:    ... okay on input line 62.
LaTeX Font Info:    Checking defaults for PD1/pdf/m/n on input line 62.
LaTeX Font Info:    ... okay on input line 62.
LaTeX Font Info:    Font shape `T1/phv/m/n' will be
(Font)              scaled to size 9.85492pt on input line 62.

(B:\MiKTeX\tex/context/base/mkii\supp-pdf.mkii
[Loading MPS to PDF converter (version 2006.09.02).]
\scratchcounter=\count424
\scratchdimen=\dimen191
\scratchbox=\box55
\nofMPsegments=\count425
\nofMParguments=\count426
\everyMPshowfont=\toks31
\MPscratchCnt=\count427
\MPscratchDim=\dimen192
\MPnumerator=\count428
\makeMPintoPDFobject=\count429
\everyMPtoPDFconversion=\toks32
) (B:\MiKTeX\tex/latex/epstopdf-pkg\epstopdf-base.sty
Package: epstopdf-base 2020-01-24 v2.11 Base part for package epstopdf
Package epstopdf-base Info: Redefining graphics rule for `.eps' on input line 4
85.
)
Package caption Info: Begin \AtBeginDocument code.
Package caption Info: subfig package v1.3 is loaded.
Package caption Info: float package is loaded.
Package caption Info: hyperref package is loaded.
Package caption Info: End \AtBeginDocument code.

ABD: EverySelectfont initializing macros
LaTeX Info: Redefining \selectfont on input line 62.

*geometry* driver: auto-detecting
*geometry* detected driver: pdftex
*geometry* verbose mode - [ preamble ] result:
* driver: pdftex
* paper: a4paper
* layout: <same size as paper>
* layoutoffset:(h,v)=(0.0pt,0.0pt)
* modes: 
* h-part:(L,W,R)=(99.58464pt, 426.79135pt, 71.13188pt)
* v-part:(T,H,B)=(68.28644pt, 719.8549pt, 56.9055pt)
* \paperwidth=597.50787pt
* \paperheight=845.04684pt
* \textwidth=426.79135pt
* \textheight=719.8549pt
* \oddsidemargin=27.31465pt
* \evensidemargin=27.31465pt
* \topmargin=-40.98355pt
* \headheight=12.0pt
* \headsep=25.0pt
* \topskip=11.0pt
* \footskip=30.0pt
* \marginparwidth=50.0pt
* \marginparsep=10.0pt
* \columnsep=10.0pt
* \skip\footins=10.0pt plus 4.0pt minus 2.0pt
* \hoffset=0.0pt
* \voffset=0.0pt
* \mag=1000
* \@twocolumnfalse
* \@twosidefalse
* \@mparswitchfalse
* \@reversemarginfalse
* (1in=72.27pt=25.4mm, 1cm=28.453pt)

Package biblatex Info: Trying to load language 'ngerman'...
Package biblatex Info: ... file 'ngerman.lbx' found.
(B:\MiKTeX\tex/latex/biblatex/lbx\ngerman.lbx
File: ngerman.lbx 2020/08/23 v3.15a biblatex localization (PK/MW)
Package biblatex Info: Trying to load language 'german'...
Package biblatex Info: ... file 'german.lbx' found.

(B:\MiKTeX\tex/latex/biblatex/lbx\german.lbx
File: german.lbx 2020/08/23 v3.15a biblatex localization (PK/MW)
)
Package biblatex Info: Trying to load language 'german'...
Package biblatex Info: ... file 'german.lbx' found.

(B:\MiKTeX\tex/latex/biblatex/lbx\german.lbx
File: german.lbx 2020/08/23 v3.15a biblatex localization (PK/MW)
))
Package biblatex Info: Input encoding 'utf8' detected.
Package biblatex Info: Automatic encoding selection.
(biblatex)             Assuming data encoding 'utf8'.
Package biblatex Info: Input encoding 'utf8' specified.
Package biblatex Info: Data encoding 'utf8' specified.
(biblatex)             No need to reencode data.
\openout3 = `Masterarbeit_Hannes_Hinrichs-blx.bib'.

Package biblatex Info: Trying to load bibliographic data...
Package biblatex Info: ... file 'Masterarbeit_Hannes_Hinrichs.bbl' found.

(Masterarbeit_Hannes_Hinrichs.bbl)
Package biblatex Info: Reference section=0 on input line 62.
Package biblatex Info: Reference segment=0 on input line 62.
\AtBeginShipoutBox=\box56
Package hyperref Info: Link coloring ON on input line 62.
 (B:\MiKTeX\tex/latex/hyperref\nameref.sty
Package: nameref 2019/09/16 v2.46 Cross-referencing by name of section

(B:\MiKTeX\tex/latex/refcount\refcount.sty
Package: refcount 2019/12/15 v3.6 Data extraction from label references (HO)
)
(B:\MiKTeX\tex/generic/gettitlestring\gettitlestring.sty
Package: gettitlestring 2019/12/15 v1.6 Cleanup title references (HO)
)
\c@section@level=\count430
)
LaTeX Info: Redefining \ref on input line 62.
LaTeX Info: Redefining \pageref on input line 62.
LaTeX Info: Redefining \nameref on input line 62.

(Masterarbeit_Hannes_Hinrichs.out) (Masterarbeit_Hannes_Hinrichs.out)
\@outlinefile=\write4
\openout4 = `Masterarbeit_Hannes_Hinrichs.out'.

<Abbildungen/TH.png, id=307, 451.6875pt x 18.0675pt>
File: Abbildungen/TH.png Graphic file (type png)
<use Abbildungen/TH.png>
Package pdftex.def Info: Abbildungen/TH.png  used on input line 66.
(pdftex.def)             Requested size: 451.68639pt x 18.06744pt.

Overfull \hbox (24.89503pt too wide) in paragraph at lines 66--66
[]  
 []

LaTeX Font Info:    Font shape `T1/phv/m/n' will be
(Font)              scaled to size 18.66588pt on input line 87.
LaTeX Font Info:    Font shape `T1/phv/m/it' in size <10.95> not available
(Font)              Font shape `T1/phv/m/sl' tried instead on input line 94.
LaTeX Font Info:    Font shape `T1/phv/m/sl' will be
(Font)              scaled to size 9.85492pt on input line 94.
LaTeX Font Info:    Trying to load font information for OT1+ptmcm on input line
 101.
(B:\MiKTeX\tex/latex/psnfss\ot1ptmcm.fd
File: ot1ptmcm.fd 2000/01/03 Fontinst v1.801 font definitions for OT1/ptmcm.
)
LaTeX Font Info:    Trying to load font information for OML+ptmcm on input line
 101.

(B:\MiKTeX\tex/latex/psnfss\omlptmcm.fd
File: omlptmcm.fd 2000/01/03 Fontinst v1.801 font definitions for OML/ptmcm.
)
LaTeX Font Info:    Trying to load font information for OMX+psycm on input line
 101.

(B:\MiKTeX\tex/latex/psnfss\omxpsycm.fd
File: omxpsycm.fd 2000/01/03 Fontinst v1.801 font definitions for OMX/psycm.
)
LaTeX Font Info:    Font shape `OT1/ptm/bx/n' in size <10.95> not available
(Font)              Font shape `OT1/ptm/b/n' tried instead on input line 101.
LaTeX Font Info:    Font shape `OT1/ptm/bx/n' in size <8> not available
(Font)              Font shape `OT1/ptm/b/n' tried instead on input line 101.
LaTeX Font Info:    Font shape `OT1/ptm/bx/n' in size <6> not available
(Font)              Font shape `OT1/ptm/b/n' tried instead on input line 101.
 [1

{C:/Users/hanne/AppData/Local/MiKTeX/pdftex/config/pdftex.map} <./Abbildungen/T
H.png>]
LaTeX Font Info:    Font shape `T1/phv/m/n' will be
(Font)              scaled to size 12.9599pt on input line 119.
LaTeX Font Info:    Font shape `T1/phv/b/n' will be
(Font)              scaled to size 12.9599pt on input line 119.

Overfull \hbox (4.17975pt too wide) in paragraph at lines 120--125
[] |  [] 
 []

LaTeX Font Info:    Font shape `T1/phv/m/n' will be
(Font)              scaled to size 8.09995pt on input line 125.
[1]
LaTeX Font Info:    Font shape `T1/phv/b/n' will be
(Font)              scaled to size 9.85492pt on input line 131.
 [2] (Masterarbeit_Hannes_Hinrichs.toc [3]
Overfull \hbox (1.16264pt too wide) detected at line 298
 []\T1/phv/m/n/10.95 100
 []


Overfull \hbox (1.16264pt too wide) detected at line 300
 []\T1/phv/m/n/10.95 103
 []


Overfull \hbox (1.16264pt too wide) detected at line 302
 []\T1/phv/m/n/10.95 109
 []

)
\tf@toc=\write5
\openout5 = `Masterarbeit_Hannes_Hinrichs.toc'.

 [4] (Masterarbeit_Hannes_Hinrichs.lof [5]
Package acronym Info: Label `acro:vts' newly defined as it shall be overridden
although it is yet undefined on input line 90.

Overfull \hbox (1.16264pt too wide) detected at line 90
 []\T1/phv/m/n/10.95 109
 []

)
\tf@lof=\write6
\openout6 = `Masterarbeit_Hannes_Hinrichs.lof'.

 [6] (Masterarbeit_Hannes_Hinrichs.lot)
\tf@lot=\write7
\openout7 = `Masterarbeit_Hannes_Hinrichs.lot'.

 [7] (acronym.tex
LaTeX Font Info:    Font shape `T1/phv/b/n' will be
(Font)              scaled to size 8.09995pt on input line 1.
) [8]
Package acronym Info: Label `acro:vr' newly defined as it shall be overridden
although it is yet undefined on input line 204.
LaTeX Font Info:    Trying to load font information for TS1+phv on input line 2
12.

(B:\MiKTeX\tex/latex/psnfss\ts1phv.fd
File: ts1phv.fd 2020/03/25 scalable font definitions for TS1/phv.
)
Package acronym Info: Label `acro:sve' newly defined as it shall be overridden
although it is yet undefined on input line 214.

Overfull \hbox (2.12195pt too wide) in paragraph at lines 214--215
\T1/phv/m/n/10.95 so-wie Cha-rak-tere in Com-pu-ter-spie-len bie-ten \T1/phv/m/
sl/10.95 qua-si\T1/phv/m/n/10.95 -sozial Be-zie-hun-gen. Die-se \T1/phv/m/sl/10
.95 qua-si\T1/phv/m/n/10.95 -sozialen
 []

[1]
LaTeX Font Info:    Font shape `T1/phv/m/n' will be
(Font)              scaled to size 7.19995pt on input line 228.
LaTeX Font Info:    Font shape `OT1/ptm/bx/n' in size <9> not available
(Font)              Font shape `OT1/ptm/b/n' tried instead on input line 228.
LaTeX Font Info:    Font shape `OT1/ptm/bx/n' in size <7> not available
(Font)              Font shape `OT1/ptm/b/n' tried instead on input line 228.
LaTeX Font Info:    Font shape `OT1/ptm/bx/n' in size <5> not available
(Font)              Font shape `OT1/ptm/b/n' tried instead on input line 228.
LaTeX Font Info:    Font shape `T1/phv/m/n' will be
(Font)              scaled to size 6.29996pt on input line 228.
 [2]
LaTeX Font Info:    Font shape `T1/phv/m/n' will be
(Font)              scaled to size 10.79993pt on input line 231.
LaTeX Font Info:    Font shape `T1/phv/b/n' will be
(Font)              scaled to size 10.79993pt on input line 231.
Package acronym Info: Label `acro:ik' newly defined as it shall be overridden
although it is yet undefined on input line 260.
Package acronym Info: Label `acro:nik' newly defined as it shall be overridden
although it is yet undefined on input line 260.
 [3] [4]

LaTeX Warning: Command \" invalid in math mode on input line 332.

Missing character: There is no ‰ in font zptmcmr!
[5]
Package acronym Info: Label `acro:hmd' newly defined as it shall be overridden
although it is yet undefined on input line 360.
 [6]
LaTeX Font Info:    Font shape `T1/phv/b/it' in size <10.95> not available
(Font)              Font shape `T1/phv/b/sl' tried instead on input line 420.
LaTeX Font Info:    Font shape `T1/phv/b/sl' will be
(Font)              scaled to size 9.85492pt on input line 420.
 [7] [8]
<Abbildungen/Symmetry.JPG, id=749, 589.70313pt x 573.14125pt>
File: Abbildungen/Symmetry.JPG Graphic file (type jpg)
<use Abbildungen/Symmetry.JPG>
Package pdftex.def Info: Abbildungen/Symmetry.JPG  used on input line 449.
(pdftex.def)             Requested size: 176.9123pt x 171.9437pt.
LaTeX Font Info:    Font shape `T1/phv/m/n' will be
(Font)              scaled to size 8.99994pt on input line 450.
LaTeX Font Info:    Font shape `T1/phv/m/it' in size <10> not available
(Font)              Font shape `T1/phv/m/sl' tried instead on input line 450.
LaTeX Font Info:    Font shape `T1/phv/m/sl' will be
(Font)              scaled to size 8.99994pt on input line 450.
<Abbildungen/moving_dots.JPG, id=756, 487.8225pt x 485.815pt>
File: Abbildungen/moving_dots.JPG Graphic file (type jpg)
<use Abbildungen/moving_dots.JPG>
Package pdftex.def Info: Abbildungen/moving_dots.JPG  used on input line 461.
(pdftex.def)             Requested size: 243.91064pt x 242.9069pt.
 [9 <./Abbildungen/Symmetry.JPG>]
Package acronym Info: Label `acro:bip' newly defined as it shall be overridden
although it is yet undefined on input line 481.
 [10 <./Abbildungen/moving_dots.JPG>] [11]

LaTeX Warning: Reference `UncannyValley' on page 12 undefined on input line 518
.

<Abbildungen/Uncanny-Valley.JPG, id=838, 682.55pt x 534.49687pt>
File: Abbildungen/Uncanny-Valley.JPG Graphic file (type jpg)
<use Abbildungen/Uncanny-Valley.JPG>
Package pdftex.def Info: Abbildungen/Uncanny-Valley.JPG  used on input line 523
.
(pdftex.def)             Requested size: 204.76657pt x 160.3503pt.
[12] [13 <./Abbildungen/Uncanny-Valley.JPG>] [14] [15] [16]
Overfull \hbox (8.8922pt too wide) in paragraph at lines 661--663
\T1/phv/m/n/10.95 Effektivit‰t un-ter-su-chen, ha-ben po-si-ti-ve Zu-sam-men-h‰
n-ge [[][]Dav+00[][]], kei-ne Zu-sam-men-h‰n-ge [[][]HKO04[][]]
 []

[17] [18] [19] [20] [21]
<Abbildungen/DifferentLevels.JPG, id=1031, 332.24126pt x 296.60812pt>
File: Abbildungen/DifferentLevels.JPG Graphic file (type jpg)
<use Abbildungen/DifferentLevels.JPG>
Package pdftex.def Info: Abbildungen/DifferentLevels.JPG  used on input line 99
4.
(pdftex.def)             Requested size: 132.89413pt x 118.64114pt.
 [22]
<Abbildungen/Versuchshypothesen_02.JPG, id=1042, 1339.50438pt x 571.13374pt>
File: Abbildungen/Versuchshypothesen_02.JPG Graphic file (type jpg)
<use Abbildungen/Versuchshypothesen_02.JPG>
Package pdftex.def Info: Abbildungen/Versuchshypothesen_02.JPG  used on input l
ine 1004.
(pdftex.def)             Requested size: 426.79135pt x 181.97348pt.
 [23 <./Abbildungen/DifferentLevels.JPG> <./Abbildungen/Versuchshypothesen_02.J
PG>]
Package acronym Info: Label `acro:vt' newly defined as it shall be overridden
although it is yet undefined on input line 1030.

Underfull \hbox (badness 10000) in paragraph at lines 1030--1035

 []


Underfull \hbox (badness 10000) in paragraph at lines 1076--1147

 []

[24]
Overfull \hbox (25.12569pt too wide) in paragraph at lines 1147--1161
\T1/phv/m/n/10.95 H4$[]$: Die Mit-tel-wer-te der \T1/phv/m/sl/10.95 rea-len Tea
-m-ef-fek-ti-vi-t‰t \T1/phv/m/n/10.95 un-ter-schei-det sich bei den Kon-di-tio-
nen [][]
 []


Overfull \hbox (25.12569pt too wide) in paragraph at lines 1147--1161
\T1/phv/m/n/10.95 H4$[]$: Die Mit-tel-wer-te der \T1/phv/m/sl/10.95 rea-len Tea
-m-ef-fek-ti-vi-t‰t \T1/phv/m/n/10.95 un-ter-schei-det sich bei den Kon-di-tio-
nen [][]
 []


Underfull \hbox (badness 10000) in paragraph at lines 1147--1161

 []


Underfull \hbox (badness 10000) in paragraph at lines 1161--1176

 []

[25] [26]
<Abbildungen/Podeste.JPG, id=1098, 630.85687pt x 560.59438pt>
File: Abbildungen/Podeste.JPG Graphic file (type jpg)
<use Abbildungen/Podeste.JPG>
Package pdftex.def Info: Abbildungen/Podeste.JPG  used on input line 1242.
(pdftex.def)             Requested size: 426.79135pt x 379.25737pt.
 [27 <./Abbildungen/Podeste.JPG>]
<Abbildungen/DetaillierterVersuchsablauf.JPG, id=1109, 1320.43312pt x 793.46437
pt>
File: Abbildungen/DetaillierterVersuchsablauf.JPG Graphic file (type jpg)
<use Abbildungen/DetaillierterVersuchsablauf.JPG>
Package pdftex.def Info: Abbildungen/DetaillierterVersuchsablauf.JPG  used on i
nput line 1273.
(pdftex.def)             Requested size: 396.133pt x 238.04114pt.


LaTeX Warning: `h' float specifier changed to `ht'.

[28]
<Abbildungen/Avatars.JPG, id=1121, 741.52031pt x 390.70969pt>
File: Abbildungen/Avatars.JPG Graphic file (type jpg)
<use Abbildungen/Avatars.JPG>
Package pdftex.def Info: Abbildungen/Avatars.JPG  used on input line 1289.
(pdftex.def)             Requested size: 426.79135pt x 224.88286pt.
 [29 <./Abbildungen/DetaillierterVersuchsablauf.JPG>] [30 <./Abbildungen/Avatar
s.JPG>]
<Abbildungen/Podeste_IK_Avatars.jpg, id=1143, 744.28062pt x 593.71812pt>
File: Abbildungen/Podeste_IK_Avatars.jpg Graphic file (type jpg)
<use Abbildungen/Podeste_IK_Avatars.jpg>
Package pdftex.def Info: Abbildungen/Podeste_IK_Avatars.jpg  used on input line
 1306.
(pdftex.def)             Requested size: 170.71393pt x 136.18086pt.
<Abbildungen/Podeste_Non_IK_Avatars.jpg, id=1144, 663.98062pt x 478.78876pt>
File: Abbildungen/Podeste_Non_IK_Avatars.jpg Graphic file (type jpg)
<use Abbildungen/Podeste_Non_IK_Avatars.jpg>
Package pdftex.def Info: Abbildungen/Podeste_Non_IK_Avatars.jpg  used on input 
line 1308.
(pdftex.def)             Requested size: 170.71393pt x 123.10135pt.
<Abbildungen/RoundSuccsessful.JPG, id=1145, 754.82pt x 717.68124pt>
File: Abbildungen/RoundSuccsessful.JPG Graphic file (type jpg)
<use Abbildungen/RoundSuccsessful.JPG>
Package pdftex.def Info: Abbildungen/RoundSuccsessful.JPG  used on input line 1
316.
(pdftex.def)             Requested size: 150.96132pt x 143.5337pt.
Package acronym Info: Label `acro:tRound' newly defined as it shall be overridd
en
although it is yet undefined on input line 1331.
 [31 <./Abbildungen/Podeste_IK_Avatars.jpg> <./Abbildungen/Podeste_Non_IK_Avata
rs.jpg> <./Abbildungen/RoundSuccsessful.JPG>] [32]
<Abbildungen/Versuchsumgebung/SpectatorView.JPG, id=1186, 1177.39874pt x 806.51
312pt>
File: Abbildungen/Versuchsumgebung/SpectatorView.JPG Graphic file (type jpg)
<use Abbildungen/Versuchsumgebung/SpectatorView.JPG>
Package pdftex.def Info: Abbildungen/Versuchsumgebung/SpectatorView.JPG  used o
n input line 1381.
(pdftex.def)             Requested size: 353.22235pt x 241.9558pt.
 [33 <./Abbildungen/Versuchsumgebung/SpectatorView.JPG>]
<Abbildungen/GameManagerClientSpectator.jpg, id=1195, 1327.96124pt x 639.38875p
t>
File: Abbildungen/GameManagerClientSpectator.jpg Graphic file (type jpg)
<use Abbildungen/GameManagerClientSpectator.jpg>
Package pdftex.def Info: Abbildungen/GameManagerClientSpectator.jpg  used on in
put line 1408.
(pdftex.def)             Requested size: 426.79135pt x 205.48663pt.
 [34 <./Abbildungen/GameManagerClientSpectator.jpg>]
<Abbildungen/ClientRCPMessageReceived.jpg, id=1205, 793.46437pt x 543.53062pt>
File: Abbildungen/ClientRCPMessageReceived.jpg Graphic file (type jpg)
<use Abbildungen/ClientRCPMessageReceived.jpg>
Package pdftex.def Info: Abbildungen/ClientRCPMessageReceived.jpg  used on inpu
t line 1423.
(pdftex.def)             Requested size: 426.79135pt x 292.35764pt.
<Abbildungen/boolValueChanged.jpg, id=1207, 456.20438pt x 601.4972pt>
File: Abbildungen/boolValueChanged.jpg Graphic file (type jpg)
<use Abbildungen/boolValueChanged.jpg>
Package pdftex.def Info: Abbildungen/boolValueChanged.jpg  used on input line 1
434.
(pdftex.def)             Requested size: 342.15244pt x 451.1218pt.
 [35 <./Abbildungen/ClientRCPMessageReceived.jpg>] [36 <./Abbildungen/boolValue
Changed.jpg>]
<Abbildungen/Versuchsumgebung/Raum.JPG, id=1219, 820.56563pt x 806.51312pt>
File: Abbildungen/Versuchsumgebung/Raum.JPG Graphic file (type jpg)
<use Abbildungen/Versuchsumgebung/Raum.JPG>
Package pdftex.def Info: Abbildungen/Versuchsumgebung/Raum.JPG  used on input l
ine 1451.
(pdftex.def)             Requested size: 328.22043pt x 322.59953pt.
 [37 <./Abbildungen/Versuchsumgebung/Raum.JPG>]
<Abbildungen/RoundDifficulty.JPG, id=1232, 629.35126pt x 351.81438pt>
File: Abbildungen/RoundDifficulty.JPG Graphic file (type jpg)
<use Abbildungen/RoundDifficulty.JPG>
Package pdftex.def Info: Abbildungen/RoundDifficulty.JPG  used on input line 14
79.
(pdftex.def)             Requested size: 251.73604pt x 140.72325pt.

[38]
Overfull \hbox (5.97365pt too wide) in paragraph at lines 1496--1499
 []\T1/phv/b/n/10.95 Sounds[] \T1/phv/m/n/10.95 Tritt ein Teil-neh-mer dem Raum
 bei, wird der selbst auf-ge-nom-me-ne Sound "Player Connec-
 []

[39 <./Abbildungen/RoundDifficulty.JPG>]
Overfull \hbox (28.36049pt too wide) in paragraph at lines 1534--1535
\T1/phv/m/n/10.95 da-durch re-sul-tie-ren-de \T1/phv/m/sl/10.95 rea-le Tea-m-ef
-fek-ti-vi-t‰t \T1/phv/m/n/10.95 ist, soll durch die bei-den Avat-ar-kon-di-tio
-nen [][]
 []


Overfull \hbox (3.05757pt too wide) in paragraph at lines 1550--1551
\T1/phv/m/sl/10.95 ef-fek-ti-vi-t‰t\T1/phv/m/n/10.95 , der\T1/phv/m/sl/10.95 Pr
‰senz\T1/phv/m/n/10.95 , der \T1/phv/m/sl/10.95 Sub-jek-tiv wahr-ge-nom-me-ne A
r-beits-be-las-tung\T1/phv/m/n/10.95 , der \T1/phv/m/sl/10.95 Team-Kommunikatio
n
 []


Underfull \hbox (badness 10000) in paragraph at lines 1560--1562

 []

[40]
Overfull \hbox (40.27744pt too wide) in paragraph at lines 1587--1590
\T1/phv/m/n/10.95 die Kom-mu-ni-ka-ti-on zwi-schen Ih-nen und Ih-rem Team \T1/p
hv/m/sl/10.95 " KLAR/EFFEKTIV/ABGESCHLOSSEN/FL‹SSIG/ZUM
 []

[41]

LaTeX Warning: Reference `Post-Questionnaire - Co-Pr√§senz' on page 42 undefine
d on input line 1614.

[42]
Underfull \hbox (badness 10000) in paragraph at lines 1674--1674
[]|\T1/phv/m/n/9 Genereller Ver-trau-ens-vor-
 []

LaTeX Font Info:    Font shape `T1/phv/m/it' in size <9> not available
(Font)              Font shape `T1/phv/m/sl' tried instead on input line 1674.
LaTeX Font Info:    Font shape `T1/phv/m/sl' will be
(Font)              scaled to size 8.09995pt on input line 1674.

Underfull \hbox (badness 10000) in paragraph at lines 1674--1674
[]|\T1/phv/m/n/9 Teilauszug des Trust-
 []


Underfull \hbox (badness 3713) in paragraph at lines 1674--1674
\T1/phv/m/n/9 Inventorys - \T1/phv/m/sl/9 Generalized-
 []


Underfull \hbox (badness 10000) in paragraph at lines 1674--1675
[]|\T1/phv/m/n/9 Couch, Adams, Jo-nes
 []


Underfull \hbox (badness 1210) in paragraph at lines 1684--1684
[]|\T1/phv/m/n/9 Wahrgenommene Kom-mu-
 []


Underfull \hbox (badness 10000) in paragraph at lines 1684--1684
[]|\T1/phv/m/sl/9 Communication-Quality-
 []


Underfull \hbox (badness 10000) in paragraph at lines 1684--1685
[]|\T1/phv/m/n/9 Gonzalez-Roma, Her-n-
 []


Underfull \hbox (badness 10000) in paragraph at lines 1684--1685
\T1/phv/m/n/9 an-dez (2014) [[][]GRH14[][],
 []


Underfull \hbox (badness 1067) in paragraph at lines 1689--1689
\T1/phv/m/n/9 der Qua-li-t‰t der Auf-ga-be-
 []


Underfull \hbox (badness 10000) in paragraph at lines 1689--1689
[]|\T1/phv/m/n/9 Teilauszug des \T1/phv/m/sl/9 Team-
 []


Underfull \hbox (badness 10000) in paragraph at lines 1689--1690
[]|\T1/phv/m/n/9 Gibson et. al (2003)
 []


Underfull \hbox (badness 1082) in paragraph at lines 1693--1693
[]|\T1/phv/m/n/9 Messung der Ab-ge-schlos-
 []


Overfull \vbox (13.19998pt too high) detected at line 1696
 []


Underfull \hbox (badness 1748) in paragraph at lines 1697--1697
[]|\T1/phv/m/n/9 Der NASA-TLX misst die
 []


Underfull \hbox (badness 1577) in paragraph at lines 1697--1697
\T1/phv/m/n/9 sub-jek-tiv wahr-ge-nom-me-ne
 []


Underfull \hbox (badness 10000) in paragraph at lines 1701--1701
[]|\T1/phv/m/sl/9 Igroup Pre-sence Ques-
 []


Overfull \vbox (92.39978pt too high) detected at line 1704
 []


Underfull \hbox (badness 2635) in paragraph at lines 1705--1705
\T1/phv/m/n/9 Bio-c-ca zum mes-sen von
 []


Overfull \hbox (19.54721pt too wide) in paragraph at lines 1668--1708
 [][] 
 []

[43]

LaTeX Warning: Reference `teilnehmerAlter' on page 44 undefined on input line 1
823.

<Abbildungen/Demographie/alter.JPG, id=1319, 673.51625pt x 388.95313pt>
File: Abbildungen/Demographie/alter.JPG Graphic file (type jpg)
<use Abbildungen/Demographie/alter.JPG>
Package pdftex.def Info: Abbildungen/Demographie/alter.JPG  used on input line 
1827.
(pdftex.def)             Requested size: 170.71393pt x 98.58527pt.
<Abbildungen/Demographie/teilnehmerGeschlecht.JPG, id=1320, 438.63875pt x 322.7
0563pt>
File: Abbildungen/Demographie/teilnehmerGeschlecht.JPG Graphic file (type jpg)
<use Abbildungen/Demographie/teilnehmerGeschlecht.JPG>
Package pdftex.def Info: Abbildungen/Demographie/teilnehmerGeschlecht.JPG  used
 on input line 1829.
(pdftex.def)             Requested size: 170.71393pt x 125.5937pt.
<Abbildungen/Demographie/teilnehmerBildungsstand.JPG, id=1322, 574.64688pt x 37
8.41376pt>
File: Abbildungen/Demographie/teilnehmerBildungsstand.JPG Graphic file (type jp
g)
<use Abbildungen/Demographie/teilnehmerBildungsstand.JPG>
Package pdftex.def Info: Abbildungen/Demographie/teilnehmerBildungsstand.JPG  u
sed on input line 1840.
(pdftex.def)             Requested size: 229.85468pt x 151.36281pt.
[44



 <./Abbildungen/Demographie/alter.JPG> <./Abbildungen/Demographie/teilnehmerGes
chlecht.JPG>]
<Abbildungen/Demographie/teilnehmerVRErfahrung.jpg, id=1332, 454.69875pt x 370.
38374pt>
File: Abbildungen/Demographie/teilnehmerVRErfahrung.jpg Graphic file (type jpg)

<use Abbildungen/Demographie/teilnehmerVRErfahrung.jpg>
Package pdftex.def Info: Abbildungen/Demographie/teilnehmerVRErfahrung.jpg  use
d on input line 1850.
(pdftex.def)             Requested size: 170.71393pt x 139.05745pt.
<Abbildungen/Demographie/teilnehmerVorexperimente.jpg, id=1333, 468.75125pt x 3
64.86313pt>
File: Abbildungen/Demographie/teilnehmerVorexperimente.jpg Graphic file (type j
pg)
<use Abbildungen/Demographie/teilnehmerVorexperimente.jpg>
Package pdftex.def Info: Abbildungen/Demographie/teilnehmerVorexperimente.jpg  
used on input line 1852.
(pdftex.def)             Requested size: 170.71393pt x 132.87607pt.
<Abbildungen/Demographie/ausma√üInternetnutzung.jpg, id=1335, 615.80063pt x 375
.4025pt>
File: Abbildungen/Demographie/ausma√üInternetnutzung.jpg Graphic file (type jpg
)
<use Abbildungen/Demographie/ausma√üInternetnutzung.jpg>
Package pdftex.def Info: Abbildungen/Demographie/ausma√üInternetnutzung.jpg  us
ed on input line 1863.
(pdftex.def)             Requested size: 170.71393pt x 104.06944pt.
<Abbildungen/Demographie/ausma√üVideospiele.jpg, id=1336, 625.83812pt x 341.275
pt>
File: Abbildungen/Demographie/ausma√üVideospiele.jpg Graphic file (type jpg)
<use Abbildungen/Demographie/ausma√üVideospiele.jpg>
Package pdftex.def Info: Abbildungen/Demographie/ausma√üVideospiele.jpg  used o
n input line 1865.
(pdftex.def)             Requested size: 170.71393pt x 93.08801pt.


LaTeX Warning: `h' float specifier changed to `ht'.

[45 <./Abbildungen/Demographie/teilnehmerBildungsstand.JPG> <./Abbildungen/Demo
graphie/teilnehmerVRErfahrung.jpg> <./Abbildungen/Demographie/teilnehmerVorexpe
rimente.jpg>] [46 <./Abbildungen/Demographie/ausma√üInternetnutzung.jpg> <./Abb
ildungen/Demographie/ausma√üVideospiele.jpg>]
Package acronym Info: Label `acro:cti' newly defined as it shall be overridden
although it is yet undefined on input line 1908.
Package acronym Info: Label `acro:ctn' newly defined as it shall be overridden
although it is yet undefined on input line 1909.


LaTeX Font Warning: Command \relsize invalid in math mode on input line 1913.


LaTeX Font Warning: Command \relsize invalid in math mode on input line 1913.


Overfull \hbox (32.06714pt too wide) in paragraph at lines 1913--1914
\T1/phv/m/n/10.95 zwi-schen den Avat-ar-kon-di-tio-nen $[][]\OT1/ptmcm/m/n/10.9
5 ([] = 4\OML/ptmcm/m/it/10.95 ; \OT1/ptmcm/m/n/10.95 1238)$ \T1/phv/m/n/10.95 
und $[][]\OT1/ptmcm/m/n/10.95 ([] =
 []


Underfull \hbox (badness 10000) in paragraph at lines 1913--1914

 []

<Abbildungen/AuswertungDiagramme/BP_kognitivesVertrauen.png, id=1361, 606.76688
pt x 368.37625pt>
File: Abbildungen/AuswertungDiagramme/BP_kognitivesVertrauen.png Graphic file (
type png)
<use Abbildungen/AuswertungDiagramme/BP_kognitivesVertrauen.png>
Package pdftex.def Info: Abbildungen/AuswertungDiagramme/BP_kognitivesVertrauen
.png  used on input line 1917.
(pdftex.def)             Requested size: 213.39568pt x 129.55754pt.
<Abbildungen/AuswertungDiagramme/H1_Mittelwerte.png, id=1362, 605.76312pt x 347
.2975pt>
File: Abbildungen/AuswertungDiagramme/H1_Mittelwerte.png Graphic file (type png
)
<use Abbildungen/AuswertungDiagramme/H1_Mittelwerte.png>
Package pdftex.def Info: Abbildungen/AuswertungDiagramme/H1_Mittelwerte.png  us
ed on input line 1923.
(pdftex.def)             Requested size: 213.39568pt x 122.34554pt.
LaTeX Font Info:    Font shape `OT1/ptm/bx/n' in size <10> not available
(Font)              Font shape `OT1/ptm/b/n' tried instead on input line 1924.
LaTeX Font Info:    Font shape `OT1/ptm/bx/n' in size <7.4> not available
(Font)              Font shape `OT1/ptm/b/n' tried instead on input line 1924.

Overfull \hbox (10.62688pt too wide) in paragraph at lines 1916--1927
[][]  [] 
 []

[47

 <./Abbildungen/AuswertungDiagramme/BP_kognitivesVertrauen.png> <./Abbildungen/
AuswertungDiagramme/H1_Mittelwerte.png>]
Package acronym Info: Label `acro:ct' newly defined as it shall be overridden
although it is yet undefined on input line 1935.

Overfull \hbox (18.98924pt too wide) in paragraph at lines 1937--1938
[]\T1/phv/m/n/10.95 Der Shapiro-Wilk-Test zeigt, dass das der \T1/phv/m/sl/10.9
5 ge-ne-rel-le Ver-trau-ens-wert \T1/phv/m/n/10.95 der Kon-di-ti-on [][]
 []


Overfull \hbox (50.60062pt too wide) in paragraph at lines 1937--1938
\T1/phv/m/n/10.95 mit $\OML/ptmcm/m/it/10.95 p \OT1/ptmcm/m/n/10.95 = \OML/ptmc
m/m/it/10.95 :\OT1/ptmcm/m/n/10.95 078 \OML/ptmcm/m/it/10.95 >  \OT1/ptmcm/m/n
/10.95 = 0\OML/ptmcm/m/it/10.95 :\OT1/ptmcm/m/n/10.95 05$ \T1/phv/m/sl/10.95 no
r-mal-ver-teilt \T1/phv/m/n/10.95 und der \T1/phv/m/sl/10.95 ge-ne-rel-le Ver-t
rau-ens-wert \T1/phv/m/n/10.95 der Kon-di-ti-on [][]
 []

<Abbildungen/AuswertungDiagramme/H_2_KorrIK.png, id=1385, 853.1875pt x 501.875p
t>
File: Abbildungen/AuswertungDiagramme/H_2_KorrIK.png Graphic file (type png)
<use Abbildungen/AuswertungDiagramme/H_2_KorrIK.png>
Package pdftex.def Info: Abbildungen/AuswertungDiagramme/H_2_KorrIK.png  used o
n input line 1955.
(pdftex.def)             Requested size: 192.0548pt x 112.9706pt.
<Abbildungen/AuswertungDiagramme/H_2_KorrNIK.png, id=1386, 853.1875pt x 501.875
pt>
File: Abbildungen/AuswertungDiagramme/H_2_KorrNIK.png Graphic file (type png)
<use Abbildungen/AuswertungDiagramme/H_2_KorrNIK.png>
Package pdftex.def Info: Abbildungen/AuswertungDiagramme/H_2_KorrNIK.png  used 
on input line 1957.
(pdftex.def)             Requested size: 192.0548pt x 112.9706pt.
<Abbildungen/AuswertungDiagramme/BP_generellesVertrauen.png, id=1387, 610.78188
pt x 364.36125pt>
File: Abbildungen/AuswertungDiagramme/BP_generellesVertrauen.png Graphic file (
type png)
<use Abbildungen/AuswertungDiagramme/BP_generellesVertrauen.png>
Package pdftex.def Info: Abbildungen/AuswertungDiagramme/BP_generellesVertrauen
.png  used on input line 1959.
(pdftex.def)             Requested size: 192.0548pt x 114.56868pt.
[48 <./Abbildungen/AuswertungDiagramme/H_2_KorrIK.png> <./Abbildungen/Auswertun
gDiagramme/H_2_KorrNIK.png> <./Abbildungen/AuswertungDiagramme/BP_generellesVer
trauen.png>]
Overfull \hbox (53.32971pt too wide) in paragraph at lines 1967--1968
\T1/phv/m/n/10.95 Korrelationskoeffizient $\OML/ptmcm/m/it/10.95 r \OT1/ptmcm/m
/n/10.95 = \OML/ptmcm/m/it/10.95 :\OT1/ptmcm/m/n/10.95 378$ \T1/phv/m/n/10.95 z
wi-schen dem \T1/phv/m/sl/10.95 ge-ne-rel-len Ver-trau-ens-wert \T1/phv/m/n/10.
95 der Kon-di-ti-on [][]
 []


Overfull \hbox (0.93835pt too wide) in paragraph at lines 1970--1972
 []\T1/phv/b/n/10.95 Fisher-Z-Transformation f¸r un-ab-h‰n-gi-ge Stich-pro-ben[
] \T1/phv/m/n/10.95 Um her-aus-zu-fin-den, ob sich bei-de Kor-
 []

[49]
Overfull \hbox (52.05731pt too wide) in paragraph at lines 2054--2056
\T1/phv/m/n/10.95 Wei-ter-hin ist ei-ne po-si-ti-ve Kor-re-la-ti-on mo-de-ra-te
r st‰r-ke (vgl. [[][]Coh13[][]]) mit dem Spearman-Korrelationskoeffizient
 []


Overfull \hbox (23.0066pt too wide) in paragraph at lines 2054--2056
\OML/ptmcm/m/it/10.95 r \OT1/ptmcm/m/n/10.95 = \OML/ptmcm/m/it/10.95 :\OT1/ptmc
m/m/n/10.95 462$ \T1/phv/m/n/10.95 zwi-schen den \T1/phv/m/sl/10.95 ko-gni-ti-v
en Ver-trau-ens-wer-ten der Teams \T1/phv/m/n/10.95 mit der Kon-di-ti-on [][]
 []

[50

]
Underfull \hbox (badness 10000) in alignment at lines 2130--2130
[][][][][][] 
 []

[51]
Overfull \hbox (27.21492pt too wide) in paragraph at lines 2189--2190
\T1/phv/m/n/10.95 H4$[]$ : Die Mit-tel-wer-te der \T1/phv/m/sl/10.95 rea-len Te
a-m-ef-fek-ti-vi-t‰t \T1/phv/m/n/10.95 un-ter-schei-det sich bei den Kon-di-tio
-nen [][]
 []


Overfull \hbox (39.68839pt too wide) in paragraph at lines 2204--2205
 []\T1/phv/b/n/10.95 Mann-Whitney-U-Test[] \T1/phv/m/n/10.95 Die Ver-tei-lun-ge
n der \T1/phv/m/sl/10.95 rea-len Tea-m-ef-fek-ti-vi-t‰ts-wer-te \T1/phv/m/n/10.
95 der Kon-di-ti-on [][]
 []


Underfull \hbox (badness 10000) in paragraph at lines 2204--2205

 []

<Abbildungen/AuswertungDiagramme/BP_realeTeameffektivit√§t.png, id=1457, 602.75
188pt x 370.38374pt>
File: Abbildungen/AuswertungDiagramme/BP_realeTeameffektivit√§t.png Graphic fil
e (type png)
<use Abbildungen/AuswertungDiagramme/BP_realeTeameffektivit√§t.png>
Package pdftex.def Info: Abbildungen/AuswertungDiagramme/BP_realeTeameffektivit
√§t.png  used on input line 2209.
(pdftex.def)             Requested size: 213.39568pt x 131.12827pt.
<Abbildungen/AuswertungDiagramme/H4_Mittelwerte.png, id=1458, 596.2275pt x 354.
32375pt>
File: Abbildungen/AuswertungDiagramme/H4_Mittelwerte.png Graphic file (type png
)
<use Abbildungen/AuswertungDiagramme/H4_Mittelwerte.png>
Package pdftex.def Info: Abbildungen/AuswertungDiagramme/H4_Mittelwerte.png  us
ed on input line 2215.
(pdftex.def)             Requested size: 213.39568pt x 126.81575pt.

Overfull \hbox (10.62688pt too wide) in paragraph at lines 2208--2219
[][]  [] 
 []

[52 <./Abbildungen/AuswertungDiagramme/BP_realeTeameffektivit√§t.png> <./Abbild
ungen/AuswertungDiagramme/H4_Mittelwerte.png>]
Underfull \hbox (badness 10000) in paragraph at lines 2280--2281

 []


Overfull \hbox (8.87401pt too wide) in paragraph at lines 2304--2306
 []\T1/phv/b/n/10.95 Spearman-Korrelation[] \T1/phv/m/n/10.95 Es ist ei-ne schw
a-che po-si-ti-ve Kor-re-la-ti-on (vgl. [[][]Coh13[][]]) mit dem Spearman-
 []


Overfull \hbox (52.05731pt too wide) in paragraph at lines 2304--2306
\T1/phv/m/n/10.95 Wei-ter-hin ist ei-ne po-si-ti-ve Kor-re-la-ti-on mo-de-ra-te
r st‰r-ke (vgl. [[][]Coh13[][]]) mit dem Spearman-Korrelationskoeffizient
 []


Overfull \hbox (25.09573pt too wide) in paragraph at lines 2304--2306
\OML/ptmcm/m/it/10.95 r \OT1/ptmcm/m/n/10.95 = \OML/ptmcm/m/it/10.95 :\OT1/ptmc
m/m/n/10.95 359$ \T1/phv/m/n/10.95 zwi-schen den \T1/phv/m/sl/10.95 ge-ne-rel-l
en Ver-trau-ens-wer-ten der Teams \T1/phv/m/n/10.95 mit der Kon-di-ti-on [][]
 []

[53]
Underfull \hbox (badness 10000) in paragraph at lines 2355--2355
[]|\T1/phv/m/n/9 Individueller
 []


Underfull \hbox (badness 10000) in paragraph at lines 2355--2355
\T1/phv/m/n/9 ge-ne-rel-ler
 []


Underfull \hbox (badness 10000) in paragraph at lines 2355--2355
[]|\T1/phv/m/n/9 Summe
 []


Underfull \hbox (badness 10000) in paragraph at lines 2355--2355
\T1/phv/m/n/9 ind. gen.
 []


Underfull \hbox (badness 10000) in paragraph at lines 2355--2355
\T1/phv/m/n/9 Ver-trau-ens-
 []


Underfull \hbox (badness 10000) in alignment at lines 2355--2355
[][][][][][][][]
 []


Overfull \hbox (14.31572pt too wide) in paragraph at lines 2553--2553
[]|$[] \OT1/ptmcm/m/n/9 :$ 
 []


Overfull \hbox (20.16385pt too wide) in paragraph at lines 2553--2553
[] \OT1/ptmcm/m/n/9 :$ 
 []


Underfull \hbox (badness 10000) in paragraph at lines 2553--2553
[]|$[]$
 []


Underfull \hbox (badness 10000) in paragraph at lines 2553--2553
[]$
 []


Underfull \hbox (badness 10000) in paragraph at lines 2553--2553
\T1/phv/m/n/9 und
 []


Overfull \hbox (10.31381pt too wide) in paragraph at lines 2553--2553
[]|$[]$
 []


Underfull \hbox (badness 10000) in paragraph at lines 2553--2553
\T1/phv/m/n/9 und
 []


Overfull \hbox (16.16194pt too wide) in paragraph at lines 2553--2553
[]$
 []


Underfull \hbox (badness 10000) in paragraph at lines 2553--2553
\T1/phv/m/n/9 und
 []


Overfull \hbox (1.33171pt too wide) in paragraph at lines 2553--2553
[] \OT1/ptmcm/m/n/9 :$ 
 []


Underfull \hbox (badness 10000) in paragraph at lines 2553--2553
[]|\T1/phv/m/n/9 Fishers-Z-
 []


Underfull \hbox (badness 10000) in paragraph at lines 2553--2553
\T1/phv/m/n/9 Transformation f¸r
 []


Underfull \hbox (badness 10000) in paragraph at lines 2553--2553
[]|$[]$ \T1/phv/m/n/9 und
 []


Underfull \hbox (badness 10000) in paragraph at lines 2553--2553

 []


Underfull \hbox (badness 10000) in alignment at lines 2553--2553
[][][][] 
 []

[54]
Overfull \hbox (14.31572pt too wide) in paragraph at lines 2611--2611
[]|$[] \OT1/ptmcm/m/n/9 :$ 
 []


Overfull \hbox (20.16385pt too wide) in paragraph at lines 2611--2611
[] \OT1/ptmcm/m/n/9 :$ 
 []


Overfull \hbox (1.33171pt too wide) in paragraph at lines 2611--2611
[] \OT1/ptmcm/m/n/9 :$ 
 []


Overfull \hbox (12.0309pt too wide) in paragraph at lines 2611--2611
[]|$[]$
 []


Overfull \hbox (15.62733pt too wide) in paragraph at lines 2611--2611
[]$
 []


Underfull \hbox (badness 10000) in paragraph at lines 2611--2611
\T1/phv/m/n/9 und
 []


Underfull \hbox (badness 10000) in paragraph at lines 2611--2611
[]|\T1/phv/m/n/9 Fishers-Z-
 []


Underfull \hbox (badness 10000) in paragraph at lines 2611--2611
\T1/phv/m/n/9 Transformation f¸r
 []


Underfull \hbox (badness 10000) in paragraph at lines 2611--2611
[]|$[]$ \T1/phv/m/n/9 und
 []


Underfull \hbox (badness 10000) in paragraph at lines 2611--2611

 []


Underfull \hbox (badness 10000) in alignment at lines 2611--2611
[][][] 
 []

[55] [56]
<Abbildungen/AuswertungDiagramme/BP_Presence.png, id=1510, 634.37pt x 376.40625
pt>
File: Abbildungen/AuswertungDiagramme/BP_Presence.png Graphic file (type png)
<use Abbildungen/AuswertungDiagramme/BP_Presence.png>
Package pdftex.def Info: Abbildungen/AuswertungDiagramme/BP_Presence.png  used 
on input line 2668.
(pdftex.def)             Requested size: 213.39568pt x 126.62096pt.
<Abbildungen/AuswertungDiagramme/SD_Presence_Mittelwerte.png, id=1511, 591.2087
6pt x 345.79187pt>
File: Abbildungen/AuswertungDiagramme/SD_Presence_Mittelwerte.png Graphic file 
(type png)
<use Abbildungen/AuswertungDiagramme/SD_Presence_Mittelwerte.png>
Package pdftex.def Info: Abbildungen/AuswertungDiagramme/SD_Presence_Mittelwert
e.png  used on input line 2674.
(pdftex.def)             Requested size: 213.39568pt x 124.8121pt.

Overfull \hbox (10.62688pt too wide) in paragraph at lines 2667--2678
[][]  [] 
 []


Overfull \hbox (18.4309pt too wide) in paragraph at lines 2681--2685
\T1/phv/m/n/10.95 Wilk-Test mit $\OML/ptmcm/m/it/10.95 p \OT1/ptmcm/m/n/10.95 =
 \OML/ptmcm/m/it/10.95 :\OT1/ptmcm/m/n/10.95 001 \OML/ptmcm/m/it/10.95 <  \OT1
/ptmcm/m/n/10.95 = 0\OML/ptmcm/m/it/10.95 :\OT1/ptmcm/m/n/10.95 05$ \T1/phv/m/n
/10.95 nicht nor-mal-ver-teit. Die-se be-tr‰gt bei der Kon-di-ti-on [][]
 []

<Abbildungen/AuswertungDiagramme/BP_SelfCoPresence.png, id=1516, 597.73312pt x 
374.39874pt>
File: Abbildungen/AuswertungDiagramme/BP_SelfCoPresence.png Graphic file (type 
png)
<use Abbildungen/AuswertungDiagramme/BP_SelfCoPresence.png>
Package pdftex.def Info: Abbildungen/AuswertungDiagramme/BP_SelfCoPresence.png 
 used on input line 2688.
(pdftex.def)             Requested size: 213.39568pt x 133.66371pt.
<Abbildungen/AuswertungDiagramme/SD_SelbstCoPresence_Mittelwerte.png, id=1517, 
590.70688pt x 371.3875pt>
File: Abbildungen/AuswertungDiagramme/SD_SelbstCoPresence_Mittelwerte.png Graph
ic file (type png)
<use Abbildungen/AuswertungDiagramme/SD_SelbstCoPresence_Mittelwerte.png>
Package pdftex.def Info: Abbildungen/AuswertungDiagramme/SD_SelbstCoPresence_Mi
ttelwerte.png  used on input line 2694.
(pdftex.def)             Requested size: 213.39568pt x 134.16408pt.

Overfull \hbox (10.62688pt too wide) in paragraph at lines 2687--2698
[][]  [] 
 []

[57 <./Abbildungen/AuswertungDiagramme/BP_Presence.png> <./Abbildungen/Auswertu
ngDiagramme/SD_Presence_Mittelwerte.png>]
<Abbildungen/AuswertungDiagramme/BP_OtherCoPresence.png, id=1530, 600.2425pt x 
344.78813pt>
File: Abbildungen/AuswertungDiagramme/BP_OtherCoPresence.png Graphic file (type
 png)
<use Abbildungen/AuswertungDiagramme/BP_OtherCoPresence.png>
Package pdftex.def Info: Abbildungen/AuswertungDiagramme/BP_OtherCoPresence.png
  used on input line 2708.
(pdftex.def)             Requested size: 213.39568pt x 122.57687pt.
<Abbildungen/AuswertungDiagramme/SD_OtherCoPresence_Mittelwerte.png, id=1531, 5
90.70688pt x 350.81062pt>
File: Abbildungen/AuswertungDiagramme/SD_OtherCoPresence_Mittelwerte.png Graphi
c file (type png)
<use Abbildungen/AuswertungDiagramme/SD_OtherCoPresence_Mittelwerte.png>
Package pdftex.def Info: Abbildungen/AuswertungDiagramme/SD_OtherCoPresence_Mit
telwerte.png  used on input line 2714.
(pdftex.def)             Requested size: 213.39568pt x 126.73065pt.

Overfull \hbox (10.62688pt too wide) in paragraph at lines 2707--2718
[][]  [] 
 []

<Abbildungen/AuswertungDiagramme/BP_Telepresence.png, id=1536, 596.2275pt x 373
.89688pt>
File: Abbildungen/AuswertungDiagramme/BP_Telepresence.png Graphic file (type pn
g)
<use Abbildungen/AuswertungDiagramme/BP_Telepresence.png>
Package pdftex.def Info: Abbildungen/AuswertungDiagramme/BP_Telepresence.png  u
sed on input line 2728.
(pdftex.def)             Requested size: 213.39568pt x 133.82115pt.
<Abbildungen/AuswertungDiagramme/SD_Telepresence_Mittelwerte.png, id=1537, 590.
205pt x 354.32375pt>
File: Abbildungen/AuswertungDiagramme/SD_Telepresence_Mittelwerte.png Graphic f
ile (type png)
<use Abbildungen/AuswertungDiagramme/SD_Telepresence_Mittelwerte.png>
Package pdftex.def Info: Abbildungen/AuswertungDiagramme/SD_Telepresence_Mittel
werte.png  used on input line 2734.
(pdftex.def)             Requested size: 213.39568pt x 128.10791pt.

Overfull \hbox (10.62688pt too wide) in paragraph at lines 2727--2738
[][]  [] 
 []

[58 <./Abbildungen/AuswertungDiagramme/BP_SelfCoPresence.png> <./Abbildungen/Au
swertungDiagramme/SD_SelbstCoPresence_Mittelwerte.png> <./Abbildungen/Auswertun
gDiagramme/BP_OtherCoPresence.png> <./Abbildungen/AuswertungDiagramme/SD_OtherC
oPresence_Mittelwerte.png>]
<Abbildungen/AuswertungDiagramme/BP_SocialPresence.png, id=1553, 579.66562pt x 
369.38pt>
File: Abbildungen/AuswertungDiagramme/BP_SocialPresence.png Graphic file (type 
png)
<use Abbildungen/AuswertungDiagramme/BP_SocialPresence.png>
Package pdftex.def Info: Abbildungen/AuswertungDiagramme/BP_SocialPresence.png 
 used on input line 2749.
(pdftex.def)             Requested size: 213.39568pt x 135.98082pt.
<Abbildungen/AuswertungDiagramme/SD_SocialPresence_Mittelwerte.png, id=1554, 59
3.21625pt x 352.81813pt>
File: Abbildungen/AuswertungDiagramme/SD_SocialPresence_Mittelwerte.png Graphic
 file (type png)
<use Abbildungen/AuswertungDiagramme/SD_SocialPresence_Mittelwerte.png>
Package pdftex.def Info: Abbildungen/AuswertungDiagramme/SD_SocialPresence_Mitt
elwerte.png  used on input line 2755.
(pdftex.def)             Requested size: 213.39568pt x 126.91751pt.

Overfull \hbox (10.62688pt too wide) in paragraph at lines 2748--2759
[][]  [] 
 []


Overfull \hbox (31.88278pt too wide) in paragraph at lines 2762--2766
\T1/phv/m/n/10.95 Mit-tel $[] \OT1/ptmcm/m/n/10.95 = 8\OML/ptmcm/m/it/10.95 :\O
T1/ptmcm/m/n/10.95 1667$ \T1/phv/m/n/10.95 mit ei-ner Stan-dard-ab-wei-chung vo
n $\OML/ptmcm/m/it/10.95  \OT1/ptmcm/m/n/10.95 = 1\OML/ptmcm/m/it/10.95 :\OT1/
ptmcm/m/n/10.95 5443$\T1/phv/m/n/10.95 . F¸r die Kon-di-ti-on [][]
 []

<Abbildungen/AuswertungDiagramme/BP_Anstrengungsma√ü.png, id=1559, 550.055pt x 
366.87062pt>
File: Abbildungen/AuswertungDiagramme/BP_Anstrengungsma√ü.png Graphic file (typ
e png)
<use Abbildungen/AuswertungDiagramme/BP_Anstrengungsma√ü.png>
Package pdftex.def Info: Abbildungen/AuswertungDiagramme/BP_Anstrengungsma√ü.pn
g  used on input line 2769.
(pdftex.def)             Requested size: 213.39568pt x 142.32883pt.
<Abbildungen/AuswertungDiagramme/SD_NTLX_Mittelwerte.png, id=1560, 597.73312pt 
x 343.2825pt>
File: Abbildungen/AuswertungDiagramme/SD_NTLX_Mittelwerte.png Graphic file (typ
e png)
<use Abbildungen/AuswertungDiagramme/SD_NTLX_Mittelwerte.png>
Package pdftex.def Info: Abbildungen/AuswertungDiagramme/SD_NTLX_Mittelwerte.pn
g  used on input line 2775.
(pdftex.def)             Requested size: 213.39568pt x 122.55493pt.

Overfull \hbox (10.62688pt too wide) in paragraph at lines 2768--2779
[][]  [] 
 []

[59 <./Abbildungen/AuswertungDiagramme/BP_Telepresence.png> <./Abbildungen/Ausw
ertungDiagramme/SD_Telepresence_Mittelwerte.png> <./Abbildungen/AuswertungDiagr
amme/BP_SocialPresence.png> <./Abbildungen/AuswertungDiagramme/SD_SocialPresenc
e_Mittelwerte.png>]
Overfull \hbox (9.73389pt too wide) in paragraph at lines 2782--2786
 []\T1/phv/b/n/10.95 Team-Kommunikation[] \T1/phv/m/n/10.95 Laut Kolmogoroff-Sm
irnov-Test ist die Team-Kommunikation mit $\OML/ptmcm/m/it/10.95 p \OT1/ptmcm/m
/n/10.95 = \OML/ptmcm/m/it/10.95 :\OT1/ptmcm/m/n/10.95 018 \OML/ptmcm/m/it/10.9
5 <
 []

<Abbildungen/AuswertungDiagramme/BP_Teamkommunikation.png, id=1575, 603.75563pt
 x 369.88188pt>
File: Abbildungen/AuswertungDiagramme/BP_Teamkommunikation.png Graphic file (ty
pe png)
<use Abbildungen/AuswertungDiagramme/BP_Teamkommunikation.png>
Package pdftex.def Info: Abbildungen/AuswertungDiagramme/BP_Teamkommunikation.p
ng  used on input line 2789.
(pdftex.def)             Requested size: 213.39568pt x 130.73047pt.
<Abbildungen/AuswertungDiagramme/SD_Teamkommunikation_Mittelwerte.png, id=1576,
 596.72937pt x 355.3275pt>
File: Abbildungen/AuswertungDiagramme/SD_Teamkommunikation_Mittelwerte.png Grap
hic file (type png)
<use Abbildungen/AuswertungDiagramme/SD_Teamkommunikation_Mittelwerte.png>
Package pdftex.def Info: Abbildungen/AuswertungDiagramme/SD_Teamkommunikation_M
ittelwerte.png  used on input line 2795.
(pdftex.def)             Requested size: 213.39568pt x 127.06656pt.

Overfull \hbox (10.62688pt too wide) in paragraph at lines 2788--2799
[][]  [] 
 []


Overfull \hbox (5.35228pt too wide) in paragraph at lines 2803--2806
 []\T1/phv/b/n/10.95 Wahrgenommene Team-Effektivit‰t[] \T1/phv/m/n/10.95 Die wa
hr-ge-nomm-me-ne Tea-m-ef-fek-ti-vi-t‰t ist laut Kolmogoroff-
 []

<Abbildungen/AuswertungDiagramme/BP_Teameffektivit√§t.png, id=1581, 612.78937pt
 x 360.84813pt>
File: Abbildungen/AuswertungDiagramme/BP_Teameffektivit√§t.png Graphic file (ty
pe png)
<use Abbildungen/AuswertungDiagramme/BP_Teameffektivit√§t.png>
Package pdftex.def Info: Abbildungen/AuswertungDiagramme/BP_Teameffektivit√§t.p
ng  used on input line 2809.
(pdftex.def)             Requested size: 213.39568pt x 125.66002pt.
<Abbildungen/AuswertungDiagramme/SD_Teameffektivit√§t_Mittelwerte.png, id=1582,
 592.71437pt x 351.81438pt>
File: Abbildungen/AuswertungDiagramme/SD_Teameffektivit√§t_Mittelwerte.png Grap
hic file (type png)
<use Abbildungen/AuswertungDiagramme/SD_Teameffektivit√§t_Mittelwerte.png>
Package pdftex.def Info: Abbildungen/AuswertungDiagramme/SD_Teameffektivit√§t_M
ittelwerte.png  used on input line 2815.
(pdftex.def)             Requested size: 213.39568pt x 126.6638pt.

Overfull \hbox (10.62688pt too wide) in paragraph at lines 2808--2819
[][]  [] 
 []

[60 <./Abbildungen/AuswertungDiagramme/BP_Anstrengungsma√ü.png> <./Abbildungen/
AuswertungDiagramme/SD_NTLX_Mittelwerte.png> <./Abbildungen/AuswertungDiagramme
/BP_Teamkommunikation.png> <./Abbildungen/AuswertungDiagramme/SD_Teamkommunikat
ion_Mittelwerte.png>]
Overfull \hbox (66.19923pt too wide) in paragraph at lines 2823--2824
 []\T1/phv/b/n/10.95 Weitere Ana-ly-sen[] \T1/phv/m/n/10.95 Es ist ei-ne po-si-
ti-ve star-ke Kor-re-la-ti-on (vgl. [[][]Coh13[][]]) mit dem Spearman-Korrelati
onskoeffizient
 []


Underfull \hbox (badness 10000) in paragraph at lines 2823--2824

 []

<Abbildungen/AuswertungDiagramme/ctn_ten_KorrIK.png, id=1597, 853.1875pt x 501.
875pt>
File: Abbildungen/AuswertungDiagramme/ctn_ten_KorrIK.png Graphic file (type png
)
<use Abbildungen/AuswertungDiagramme/ctn_ten_KorrIK.png>
Package pdftex.def Info: Abbildungen/AuswertungDiagramme/ctn_ten_KorrIK.png  us
ed on input line 2827.
(pdftex.def)             Requested size: 192.0548pt x 112.9706pt.
<Abbildungen/AuswertungDiagramme/ctn_ten_KorrNIK.png, id=1598, 853.1875pt x 501
.875pt>
File: Abbildungen/AuswertungDiagramme/ctn_ten_KorrNIK.png Graphic file (type pn
g)
<use Abbildungen/AuswertungDiagramme/ctn_ten_KorrNIK.png>
Package pdftex.def Info: Abbildungen/AuswertungDiagramme/ctn_ten_KorrNIK.png  u
sed on input line 2829.
(pdftex.def)             Requested size: 192.0548pt x 112.9706pt.

Overfull \hbox (65.03667pt too wide) in paragraph at lines 2834--2835
[]\T1/phv/m/n/10.95 Weiterhin ist ei-ne po-si-ti-ve Kor-re-la-ti-on star-ken Ef
-fek-tes (vgl. [[][]Coh13[][]]) mit dem Spearman-Korrelationskoeffizient
 []


Underfull \hbox (badness 10000) in paragraph at lines 2834--2835

 []

<Abbildungen/AuswertungDiagramme/ctn_tcn_KorrIK.png, id=1604, 853.1875pt x 501.
875pt>
File: Abbildungen/AuswertungDiagramme/ctn_tcn_KorrIK.png Graphic file (type png
)
<use Abbildungen/AuswertungDiagramme/ctn_tcn_KorrIK.png>
Package pdftex.def Info: Abbildungen/AuswertungDiagramme/ctn_tcn_KorrIK.png  us
ed on input line 2838.
(pdftex.def)             Requested size: 192.0548pt x 112.9706pt.
<Abbildungen/AuswertungDiagramme/ctn_tcn_KorrNIK.png, id=1605, 853.1875pt x 501
.875pt>
File: Abbildungen/AuswertungDiagramme/ctn_tcn_KorrNIK.png Graphic file (type pn
g)
<use Abbildungen/AuswertungDiagramme/ctn_tcn_KorrNIK.png>
Package pdftex.def Info: Abbildungen/AuswertungDiagramme/ctn_tcn_KorrNIK.png  u
sed on input line 2840.
(pdftex.def)             Requested size: 192.0548pt x 112.9706pt.

LaTeX Warning: `h' float specifier changed to `ht'.

[61 <./Abbildungen/AuswertungDiagramme/BP_Teameffektivit√§t.png> <./Abbildungen
/AuswertungDiagramme/SD_Teameffektivit√§t_Mittelwerte.png> <./Abbildungen/Auswe
rtungDiagramme/ctn_ten_KorrIK.png> <./Abbildungen/AuswertungDiagramme/ctn_ten_K
orrNIK.png>] [62 <./Abbildungen/AuswertungDiagramme/ctn_tcn_KorrIK.png> <./Abbi
ldungen/AuswertungDiagramme/ctn_tcn_KorrNIK.png>]
Overfull \hbox (2.14854pt too wide) in paragraph at lines 2882--2882
[]|\T1/phv/m/n/9 Min/Max| 
 []


Underfull \hbox (badness 10000) in paragraph at lines 2882--2882
[]|\T1/phv/m/n/9 Erreicht
 []


Underfull \hbox (badness 10000) in paragraph at lines 2882--2882
[]|\T1/phv/m/n/9 Std. Ab-wei-
 []


Underfull \hbox (badness 10000) in alignment at lines 2882--2882
[][][][][][][]
 []

[63

]
Overfull \hbox (2.14854pt too wide) in paragraph at lines 2905--2905
[]|\T1/phv/m/n/9 Min/Max| 
 []


Underfull \hbox (badness 10000) in paragraph at lines 2905--2905
[]|\T1/phv/m/n/9 Angegeben
 []


Underfull \hbox (badness 10000) in paragraph at lines 2905--2905
[]|\T1/phv/m/n/9 Std. Ab-wei-
 []


Overfull \hbox (2.80669pt too wide) in paragraph at lines 2905--2905
[]|$\OT1/ptmcm/m/n/9 11\OML/ptmcm/m/it/9 :\OT1/ptmcm/m/n/9 71\OML/ptmcm/m/it/9 
=\OT1/ptmcm/m/n/9 15\OML/ptmcm/m/it/9 :\OT1/ptmcm/m/n/9 00$| 
 []


Overfull \hbox (2.80669pt too wide) in paragraph at lines 2905--2905
[]|$\OT1/ptmcm/m/n/9 11\OML/ptmcm/m/it/9 :\OT1/ptmcm/m/n/9 71\OML/ptmcm/m/it/9 
=\OT1/ptmcm/m/n/9 13\OML/ptmcm/m/it/9 :\OT1/ptmcm/m/n/9 29$| 
 []


Overfull \hbox (2.80669pt too wide) in paragraph at lines 2905--2905
[]|$\OT1/ptmcm/m/n/9 12\OML/ptmcm/m/it/9 :\OT1/ptmcm/m/n/9 28\OML/ptmcm/m/it/9 
=\OT1/ptmcm/m/n/9 15\OML/ptmcm/m/it/9 :\OT1/ptmcm/m/n/9 00$| 
 []


Overfull \hbox (2.80669pt too wide) in paragraph at lines 2905--2905
[]|$\OT1/ptmcm/m/n/9 13\OML/ptmcm/m/it/9 :\OT1/ptmcm/m/n/9 35\OML/ptmcm/m/it/9 
=\OT1/ptmcm/m/n/9 14\OML/ptmcm/m/it/9 :\OT1/ptmcm/m/n/9 60$| 
 []


Overfull \hbox (2.80669pt too wide) in paragraph at lines 2905--2905
[]|$\OT1/ptmcm/m/n/9 13\OML/ptmcm/m/it/9 :\OT1/ptmcm/m/n/9 35\OML/ptmcm/m/it/9 
=\OT1/ptmcm/m/n/9 14\OML/ptmcm/m/it/9 :\OT1/ptmcm/m/n/9 15$| 
 []


Overfull \hbox (2.80669pt too wide) in paragraph at lines 2905--2905
[]|$\OT1/ptmcm/m/n/9 13\OML/ptmcm/m/it/9 :\OT1/ptmcm/m/n/9 35\OML/ptmcm/m/it/9 
=\OT1/ptmcm/m/n/9 14\OML/ptmcm/m/it/9 :\OT1/ptmcm/m/n/9 60$| 
 []


Underfull \hbox (badness 10000) in alignment at lines 2905--2905
[][][][][][][]
 []

[64

]
Underfull \hbox (badness 10000) in paragraph at lines 2935--2936

 []

[65


] [66]
Overfull \hbox (38.62634pt too wide) in alignment at lines 3014--3014
[][] 
 []

[67] [68] [69]
Underfull \hbox (badness 10000) in paragraph at lines 3102--3112

 []


Overfull \hbox (16.87314pt too wide) in paragraph at lines 3115--3127
\T1/phv/m/n/10.95 Tea-m-ef-fek-ti-vi-t‰t be-ein-flusst ha-ben. Ei-ne teil-neh-m
en-de Per-son (ID7) mit der Kon-di-ti-on [][]
 []

[70] [71] [72] [73] [74

]
Overfull \hbox (4.84792pt too wide) in paragraph at lines 3273--3273
[]\T1/phv/m/n/10.95 Frank Bio-c-ca. ``The cy-borg's di-lem-ma: Pro-gres-si-ve e
m-bo-di-ment in vir-tu-al en-vi-ron-ments''.
 []

[75] [76]
LaTeX Font Info:    Font shape `T1/phv/m/sc' will be
(Font)              scaled to size 9.85492pt on input line 3272.
 [77] [78] [79]
Overfull \hbox (25.83658pt too wide) in paragraph at lines 3273--3273
[]\T1/phv/m/n/10.95 Nornadiah Mohd Ra-za-li, Yap Bee Wah u.a. ``Power com-pa-ri
-sons of shapiro-wilk, kolmogorov-
 []

[80] [81]
<Abbildungen/Fragebogen/Pre-Questionnaire/PQ1.jpg, id=1812, 583.17876pt x 611.2
8375pt>
File: Abbildungen/Fragebogen/Pre-Questionnaire/PQ1.jpg Graphic file (type jpg)
<use Abbildungen/Fragebogen/Pre-Questionnaire/PQ1.jpg>
Package pdftex.def Info: Abbildungen/Fragebogen/Pre-Questionnaire/PQ1.jpg  used
 on input line 3282.
(pdftex.def)             Requested size: 349.90996pt x 366.77307pt.
<Abbildungen/Fragebogen/Pre-Questionnaire/PQ2.jpg, id=1813, 583.17876pt x 839.1
35pt>
File: Abbildungen/Fragebogen/Pre-Questionnaire/PQ2.jpg Graphic file (type jpg)
<use Abbildungen/Fragebogen/Pre-Questionnaire/PQ2.jpg>
Package pdftex.def Info: Abbildungen/Fragebogen/Pre-Questionnaire/PQ2.jpg  used
 on input line 3289.
(pdftex.def)             Requested size: 349.90996pt x 503.48488pt.
 [82 <./Abbildungen/Fragebogen/Pre-Questionnaire/PQ1.jpg>]
<Abbildungen/Fragebogen/Pre-Questionnaire/PQ3.jpg, id=1820, 583.68062pt x 247.4
2438pt>
File: Abbildungen/Fragebogen/Pre-Questionnaire/PQ3.jpg Graphic file (type jpg)
<use Abbildungen/Fragebogen/Pre-Questionnaire/PQ3.jpg>
Package pdftex.def Info: Abbildungen/Fragebogen/Pre-Questionnaire/PQ3.jpg  used
 on input line 3296.
(pdftex.def)             Requested size: 350.21107pt x 148.45576pt.
<Abbildungen/Fragebogen/Pre-Questionnaire/PQ4.jpg, id=1821, 584.1825pt x 476.78
125pt>
File: Abbildungen/Fragebogen/Pre-Questionnaire/PQ4.jpg Graphic file (type jpg)
<use Abbildungen/Fragebogen/Pre-Questionnaire/PQ4.jpg>
Package pdftex.def Info: Abbildungen/Fragebogen/Pre-Questionnaire/PQ4.jpg  used
 on input line 3303.
(pdftex.def)             Requested size: 350.51219pt x 286.07095pt.
 [83 <./Abbildungen/Fragebogen/Pre-Questionnaire/PQ2.jpg> <./Abbildungen/Frageb
ogen/Pre-Questionnaire/PQ3.jpg>]
<Abbildungen/Fragebogen/Pre-Questionnaire/PQ5.jpg, id=1828, 584.68437pt x 765.3
5938pt>
File: Abbildungen/Fragebogen/Pre-Questionnaire/PQ5.jpg Graphic file (type jpg)
<use Abbildungen/Fragebogen/Pre-Questionnaire/PQ5.jpg>
Package pdftex.def Info: Abbildungen/Fragebogen/Pre-Questionnaire/PQ5.jpg  used
 on input line 3310.
(pdftex.def)             Requested size: 350.81332pt x 459.21916pt.
 [84 <./Abbildungen/Fragebogen/Pre-Questionnaire/PQ4.jpg>]
<Abbildungen/Fragebogen/Pre-Questionnaire/PQ6.jpg, id=1834, 584.68437pt x 846.1
6125pt>
File: Abbildungen/Fragebogen/Pre-Questionnaire/PQ6.jpg Graphic file (type jpg)
<use Abbildungen/Fragebogen/Pre-Questionnaire/PQ6.jpg>
Package pdftex.def Info: Abbildungen/Fragebogen/Pre-Questionnaire/PQ6.jpg  used
 on input line 3317.
(pdftex.def)             Requested size: 350.81332pt x 507.70067pt.

[85 <./Abbildungen/Fragebogen/Pre-Questionnaire/PQ5.jpg>]
<Abbildungen/Fragebogen/Post-Questionnaire/PQM1.jpg, id=1840, 585.18625pt x 449
.17813pt>
File: Abbildungen/Fragebogen/Post-Questionnaire/PQM1.jpg Graphic file (type jpg
)
<use Abbildungen/Fragebogen/Post-Questionnaire/PQM1.jpg>
Package pdftex.def Info: Abbildungen/Fragebogen/Post-Questionnaire/PQM1.jpg  us
ed on input line 3328.
(pdftex.def)             Requested size: 351.11446pt x 269.50896pt.
 [86 <./Abbildungen/Fragebogen/Pre-Questionnaire/PQ6.jpg>] [87 <./Abbildungen/F
ragebogen/Post-Questionnaire/PQM1.jpg>]
<Abbildungen/Fragebogen/Post-Questionnaire/PQG1.jpg, id=1851, 585.18625pt x 748
.29562pt>
File: Abbildungen/Fragebogen/Post-Questionnaire/PQG1.jpg Graphic file (type jpg
)
<use Abbildungen/Fragebogen/Post-Questionnaire/PQG1.jpg>
Package pdftex.def Info: Abbildungen/Fragebogen/Post-Questionnaire/PQG1.jpg  us
ed on input line 3340.
(pdftex.def)             Requested size: 351.11446pt x 448.98083pt.
<Abbildungen/Fragebogen/Post-Questionnaire/PQG2.jpg, id=1852, 584.1825pt x 766.
865pt>
File: Abbildungen/Fragebogen/Post-Questionnaire/PQG2.jpg Graphic file (type jpg
)
<use Abbildungen/Fragebogen/Post-Questionnaire/PQG2.jpg>
Package pdftex.def Info: Abbildungen/Fragebogen/Post-Questionnaire/PQG2.jpg  us
ed on input line 3347.
(pdftex.def)             Requested size: 350.51219pt x 460.12256pt.
 [88 <./Abbildungen/Fragebogen/Post-Questionnaire/PQG1.jpg>]
<Abbildungen/Fragebogen/Post-Questionnaire/PQG3.jpg, id=1859, 584.68437pt x 767
.86874pt>
File: Abbildungen/Fragebogen/Post-Questionnaire/PQG3.jpg Graphic file (type jpg
)
<use Abbildungen/Fragebogen/Post-Questionnaire/PQG3.jpg>
Package pdftex.def Info: Abbildungen/Fragebogen/Post-Questionnaire/PQG3.jpg  us
ed on input line 3354.
(pdftex.def)             Requested size: 350.81332pt x 460.7248pt.

[89 <./Abbildungen/Fragebogen/Post-Questionnaire/PQG2.jpg>]
<Abbildungen/Fragebogen/Post-Questionnaire/PQG4.jpg, id=1865, 584.1825pt x 749.
29938pt>
File: Abbildungen/Fragebogen/Post-Questionnaire/PQG4.jpg Graphic file (type jpg
)
<use Abbildungen/Fragebogen/Post-Questionnaire/PQG4.jpg>
Package pdftex.def Info: Abbildungen/Fragebogen/Post-Questionnaire/PQG4.jpg  us
ed on input line 3361.
(pdftex.def)             Requested size: 350.51219pt x 449.5831pt.
 [90 <./Abbildungen/Fragebogen/Post-Questionnaire/PQG3.jpg>] [91 <./Abbildungen
/Fragebogen/Post-Questionnaire/PQG4.jpg>]
<Abbildungen/Fragebogen/Post-Questionnaire/PQC1.jpg, id=1876, 585.68813pt x 484
.30937pt>
File: Abbildungen/Fragebogen/Post-Questionnaire/PQC1.jpg Graphic file (type jpg
)
<use Abbildungen/Fragebogen/Post-Questionnaire/PQC1.jpg>
Package pdftex.def Info: Abbildungen/Fragebogen/Post-Questionnaire/PQC1.jpg  us
ed on input line 3372.
(pdftex.def)             Requested size: 351.41559pt x 290.58786pt.
<Abbildungen/Fragebogen/Post-Questionnaire/PQC2.jpg, id=1877, 586.19pt x 502.37
688pt>
File: Abbildungen/Fragebogen/Post-Questionnaire/PQC2.jpg Graphic file (type jpg
)
<use Abbildungen/Fragebogen/Post-Questionnaire/PQC2.jpg>
Package pdftex.def Info: Abbildungen/Fragebogen/Post-Questionnaire/PQC2.jpg  us
ed on input line 3379.
(pdftex.def)             Requested size: 351.7167pt x 301.42844pt.
 [92 <./Abbildungen/Fragebogen/Post-Questionnaire/PQC1.jpg> <./Abbildungen/Frag
ebogen/Post-Questionnaire/PQC2.jpg>]
<Abbildungen/Fragebogen/Post-Questionnaire/PQKQ1.jpg, id=1884, 879.285pt x 1218
.80344pt>
File: Abbildungen/Fragebogen/Post-Questionnaire/PQKQ1.jpg Graphic file (type jp
g)
<use Abbildungen/Fragebogen/Post-Questionnaire/PQKQ1.jpg>
Package pdftex.def Info: Abbildungen/Fragebogen/Post-Questionnaire/PQKQ1.jpg  u
sed on input line 3390.
(pdftex.def)             Requested size: 351.70778pt x 487.51274pt.
 [93 <./Abbildungen/Fragebogen/Post-Questionnaire/PQKQ1.jpg>]
<Abbildungen/Fragebogen/Post-Questionnaire/PQTE1.jpg, id=1890, 585.18625pt x 74
9.80125pt>
File: Abbildungen/Fragebogen/Post-Questionnaire/PQTE1.jpg Graphic file (type jp
g)
<use Abbildungen/Fragebogen/Post-Questionnaire/PQTE1.jpg>
Package pdftex.def Info: Abbildungen/Fragebogen/Post-Questionnaire/PQTE1.jpg  u
sed on input line 3401.
(pdftex.def)             Requested size: 351.11446pt x 449.88422pt.
 [94 <./Abbildungen/Fragebogen/Post-Questionnaire/PQTE1.jpg>]
<Abbildungen/Fragebogen/Post-Questionnaire/PQTLX1.jpg, id=1897, 525.965pt x 841
.64438pt>
File: Abbildungen/Fragebogen/Post-Questionnaire/PQTLX1.jpg Graphic file (type j
pg)
<use Abbildungen/Fragebogen/Post-Questionnaire/PQTLX1.jpg>
Package pdftex.def Info: Abbildungen/Fragebogen/Post-Questionnaire/PQTLX1.jpg  
used on input line 3412.
(pdftex.def)             Requested size: 315.58142pt x 504.99052pt.
<Abbildungen/Fragebogen/Post-Questionnaire/PQTLX2.jpg, id=1898, 526.96875pt x 7
76.9025pt>
File: Abbildungen/Fragebogen/Post-Questionnaire/PQTLX2.jpg Graphic file (type j
pg)
<use Abbildungen/Fragebogen/Post-Questionnaire/PQTLX2.jpg>
Package pdftex.def Info: Abbildungen/Fragebogen/Post-Questionnaire/PQTLX2.jpg  
used on input line 3419.
(pdftex.def)             Requested size: 316.18369pt x 466.14508pt.
 [95 <./Abbildungen/Fragebogen/Post-Questionnaire/PQTLX1.jpg>]
<Abbildungen/Fragebogen/Post-Questionnaire/PQTLX3.jpg, id=1904, 526.46687pt x 7
75.89874pt>
File: Abbildungen/Fragebogen/Post-Questionnaire/PQTLX3.jpg Graphic file (type j
pg)
<use Abbildungen/Fragebogen/Post-Questionnaire/PQTLX3.jpg>
Package pdftex.def Info: Abbildungen/Fragebogen/Post-Questionnaire/PQTLX3.jpg  
used on input line 3426.
(pdftex.def)             Requested size: 315.88255pt x 465.54283pt.
 [96 <./Abbildungen/Fragebogen/Post-Questionnaire/PQTLX2.jpg>]
<Abbildungen/Fragebogen/Post-Questionnaire/PQTLX4.jpg, id=1910, 525.965pt x 775
.39688pt>
File: Abbildungen/Fragebogen/Post-Questionnaire/PQTLX4.jpg Graphic file (type j
pg)
<use Abbildungen/Fragebogen/Post-Questionnaire/PQTLX4.jpg>
Package pdftex.def Info: Abbildungen/Fragebogen/Post-Questionnaire/PQTLX4.jpg  
used on input line 3433.
(pdftex.def)             Requested size: 315.58142pt x 465.24171pt.
 [97 <./Abbildungen/Fragebogen/Post-Questionnaire/PQTLX3.jpg>]
<Abbildungen/Fragebogen/Post-Questionnaire/PQTLX5.jpg, id=1916, 525.965pt x 742
.775pt>
File: Abbildungen/Fragebogen/Post-Questionnaire/PQTLX5.jpg Graphic file (type j
pg)
<use Abbildungen/Fragebogen/Post-Questionnaire/PQTLX5.jpg>
Package pdftex.def Info: Abbildungen/Fragebogen/Post-Questionnaire/PQTLX5.jpg  
used on input line 3440.
(pdftex.def)             Requested size: 315.58142pt x 445.66843pt.
 [98 <./Abbildungen/Fragebogen/Post-Questionnaire/PQTLX4.jpg>]
<Abbildungen/Fragebogen/Post-Questionnaire/PQTLX6.jpg, id=1922, 527.47063pt x 7
60.34062pt>
File: Abbildungen/Fragebogen/Post-Questionnaire/PQTLX6.jpg Graphic file (type j
pg)
<use Abbildungen/Fragebogen/Post-Questionnaire/PQTLX6.jpg>
Package pdftex.def Info: Abbildungen/Fragebogen/Post-Questionnaire/PQTLX6.jpg  
used on input line 3447.
(pdftex.def)             Requested size: 316.4848pt x 456.20789pt.
 [99 <./Abbildungen/Fragebogen/Post-Questionnaire/PQTLX5.jpg>] [100 <./Abbildun
gen/Fragebogen/Post-Questionnaire/PQTLX6.jpg>]
<Abbildungen/Fragebogen/Post-Questionnaire/PQP1.jpg, id=1934, 584.68437pt x 748
.7975pt>
File: Abbildungen/Fragebogen/Post-Questionnaire/PQP1.jpg Graphic file (type jpg
)
<use Abbildungen/Fragebogen/Post-Questionnaire/PQP1.jpg>
Package pdftex.def Info: Abbildungen/Fragebogen/Post-Questionnaire/PQP1.jpg  us
ed on input line 3458.
(pdftex.def)             Requested size: 350.81332pt x 449.28197pt.
<Abbildungen/Fragebogen/Post-Questionnaire/PQP2.jpg, id=1935, 585.18625pt x 768
.37062pt>
File: Abbildungen/Fragebogen/Post-Questionnaire/PQP2.jpg Graphic file (type jpg
)
<use Abbildungen/Fragebogen/Post-Questionnaire/PQP2.jpg>
Package pdftex.def Info: Abbildungen/Fragebogen/Post-Questionnaire/PQP2.jpg  us
ed on input line 3465.
(pdftex.def)             Requested size: 351.11446pt x 461.02592pt.

[101 <./Abbildungen/Fragebogen/Post-Questionnaire/PQP1.jpg>]
<Abbildungen/Fragebogen/Post-Questionnaire/PQP3.jpg, id=1941, 585.18625pt x 598
.235pt>
File: Abbildungen/Fragebogen/Post-Questionnaire/PQP3.jpg Graphic file (type jpg
)
<use Abbildungen/Fragebogen/Post-Questionnaire/PQP3.jpg>
Package pdftex.def Info: Abbildungen/Fragebogen/Post-Questionnaire/PQP3.jpg  us
ed on input line 3472.
(pdftex.def)             Requested size: 351.11446pt x 358.94377pt.
 [102 <./Abbildungen/Fragebogen/Post-Questionnaire/PQP2.jpg>] [103 <./Abbildung
en/Fragebogen/Post-Questionnaire/PQP3.jpg>]
<Abbildungen/Fragebogen/Post-Questionnaire/PQCP1.jpg, id=1952, 584.1825pt x 748
.29562pt>
File: Abbildungen/Fragebogen/Post-Questionnaire/PQCP1.jpg Graphic file (type jp
g)
<use Abbildungen/Fragebogen/Post-Questionnaire/PQCP1.jpg>
Package pdftex.def Info: Abbildungen/Fragebogen/Post-Questionnaire/PQCP1.jpg  u
sed on input line 3483.
(pdftex.def)             Requested size: 350.51219pt x 448.98083pt.
<Abbildungen/Fragebogen/Post-Questionnaire/PQCP2.jpg, id=1953, 584.1825pt x 748
.7975pt>
File: Abbildungen/Fragebogen/Post-Questionnaire/PQCP2.jpg Graphic file (type jp
g)
<use Abbildungen/Fragebogen/Post-Questionnaire/PQCP2.jpg>
Package pdftex.def Info: Abbildungen/Fragebogen/Post-Questionnaire/PQCP2.jpg  u
sed on input line 3490.
(pdftex.def)             Requested size: 350.51219pt x 449.28197pt.
 [104 <./Abbildungen/Fragebogen/Post-Questionnaire/PQCP1.jpg>]
<Abbildungen/Fragebogen/Post-Questionnaire/PQCP3.jpg, id=1959, 583.68062pt x 74
8.29562pt>
File: Abbildungen/Fragebogen/Post-Questionnaire/PQCP3.jpg Graphic file (type jp
g)
<use Abbildungen/Fragebogen/Post-Questionnaire/PQCP3.jpg>
Package pdftex.def Info: Abbildungen/Fragebogen/Post-Questionnaire/PQCP3.jpg  u
sed on input line 3497.
(pdftex.def)             Requested size: 350.21107pt x 448.98083pt.
 [105 <./Abbildungen/Fragebogen/Post-Questionnaire/PQCP2.jpg>]
<Abbildungen/Fragebogen/Post-Questionnaire/PQCP4.jpg, id=1965, 584.1825pt x 748
.7975pt>
File: Abbildungen/Fragebogen/Post-Questionnaire/PQCP4.jpg Graphic file (type jp
g)
<use Abbildungen/Fragebogen/Post-Questionnaire/PQCP4.jpg>
Package pdftex.def Info: Abbildungen/Fragebogen/Post-Questionnaire/PQCP4.jpg  u
sed on input line 3504.
(pdftex.def)             Requested size: 350.51219pt x 449.28197pt.
 [106 <./Abbildungen/Fragebogen/Post-Questionnaire/PQCP3.jpg>]
<Abbildungen/Fragebogen/Post-Questionnaire/PQCP5.jpg, id=1972, 585.68813pt x 74
9.29938pt>
File: Abbildungen/Fragebogen/Post-Questionnaire/PQCP5.jpg Graphic file (type jp
g)
<use Abbildungen/Fragebogen/Post-Questionnaire/PQCP5.jpg>
Package pdftex.def Info: Abbildungen/Fragebogen/Post-Questionnaire/PQCP5.jpg  u
sed on input line 3511.
(pdftex.def)             Requested size: 351.41559pt x 449.5831pt.
 [107 <./Abbildungen/Fragebogen/Post-Questionnaire/PQCP4.jpg>]
<Abbildungen/Fragebogen/Post-Questionnaire/PQCP6.jpg, id=1978, 584.68437pt x 78
4.9325pt>
File: Abbildungen/Fragebogen/Post-Questionnaire/PQCP6.jpg Graphic file (type jp
g)
<use Abbildungen/Fragebogen/Post-Questionnaire/PQCP6.jpg>
Package pdftex.def Info: Abbildungen/Fragebogen/Post-Questionnaire/PQCP6.jpg  u
sed on input line 3518.
(pdftex.def)             Requested size: 350.81332pt x 470.96312pt.
 [108 <./Abbildungen/Fragebogen/Post-Questionnaire/PQCP5.jpg>]
<Abbildungen/criteriaForVirtualTeams.JPG, id=1984, 232.4685pt x 475.7775pt>
File: Abbildungen/criteriaForVirtualTeams.JPG Graphic file (type jpg)
<use Abbildungen/criteriaForVirtualTeams.JPG>
Package pdftex.def Info: Abbildungen/criteriaForVirtualTeams.JPG  used on input
 line 3526.
(pdftex.def)             Requested size: 232.46793pt x 475.77632pt.
 [109 <./Abbildungen/Fragebogen/Post-Questionnaire/PQCP6.jpg>]
Package atveryend Info: Empty hook `BeforeClearDocument' on input line 3542.
 [110 <./Abbildungen/criteriaForVirtualTeams.JPG>]
Package atveryend Info: Empty hook `AfterLastShipout' on input line 3542.

(Masterarbeit_Hannes_Hinrichs.aux)
Package atveryend Info: Executing hook `AtVeryEndDocument' on input line 3542.
Package atveryend Info: Executing hook `AtEndAfterFileList' on input line 3542.

Package rerunfilecheck Info: File `Masterarbeit_Hannes_Hinrichs.out' has not ch
anged.
(rerunfilecheck)             Checksum: 099E1CF83A05F3237B1EE1596DCE216C;5889.


LaTeX Warning: There were undefined references.


LaTeX Warning: There were multiply-defined labels.

Package logreq Info: Writing requests to 'Masterarbeit_Hannes_Hinrichs.run.xml'
.
\openout1 = `Masterarbeit_Hannes_Hinrichs.run.xml'.

 ) 
Here is how much of TeX's memory you used:
 20212 strings out of 481199
 367815 string characters out of 2921905
 920875 words of memory out of 3000000
 34864 multiletter control sequences out of 15000+200000
 636906 words of font info for 150 fonts, out of 3000000 for 9000
 1143 hyphenation exceptions out of 8191
 48i,14n,54p,1864b,2229s stack positions out of 5000i,500n,10000p,200000b,50000s
{B:/MiKTeX/fonts/enc/dvips/base/8r.enc}<B:/MiKTeX/fonts/type1/public/amsfonts
/cm/cmmi10.pfb><B:/MiKTeX/fonts/type1/public/amsfonts/cm/cmr10.pfb><B:/MiKTeX/f
onts/type1/public/amsfonts/cm/cmsy10.pfb><B:/MiKTeX/fonts/type1/urw/courier/ucr
r8a.pfb><B:/MiKTeX/fonts/type1/urw/helvetic/uhvb8a.pfb><B:/MiKTeX/fonts/type1/u
rw/helvetic/uhvbo8a.pfb><B:/MiKTeX/fonts/type1/urw/helvetic/uhvr8a.pfb><B:/MiKT
eX/fonts/type1/urw/helvetic/uhvro8a.pfb><B:/MiKTeX/fonts/type1/urw/symbol/usyr.
pfb><B:/MiKTeX/fonts/type1/urw/times/utmr8a.pfb><B:/MiKTeX/fonts/type1/urw/time
s/utmri8a.pfb>
Output written on Masterarbeit_Hannes_Hinrichs.pdf (119 pages, 7671485 bytes).
PDF statistics:
 2140 PDF objects out of 2487 (max. 8388607)
 504 named destinations out of 1000 (max. 500000)
 1024 words of extra memory for PDF output out of 10000 (max. 10000000)

