\BOOKMARK [1][]{section*.1}{\376\377\000E\000i\000d\000e\000s\000s\000t\000a\000t\000t\000l\000i\000c\000h\000e\000\040\000V\000e\000r\000s\000i\000c\000h\000e\000r\000u\000n\000g}{}% 1
\BOOKMARK [1][]{section*.2}{\376\377\000K\000u\000r\000z\000f\000a\000s\000s\000u\000n\000g}{}% 2
\BOOKMARK [1][]{section*.9}{\376\377\000A\000b\000b\000i\000l\000d\000u\000n\000g\000s\000v\000e\000r\000z\000e\000i\000c\000h\000n\000i\000s}{}% 3
\BOOKMARK [1][]{section*.10}{\376\377\000T\000a\000b\000e\000l\000l\000e\000n\000v\000e\000r\000z\000e\000i\000c\000h\000n\000i\000s}{}% 4
\BOOKMARK [1][]{section*.11}{\376\377\000A\000b\000k\000\374\000r\000z\000u\000n\000g\000s\000v\000e\000r\000z\000e\000i\000c\000h\000n\000i\000s}{}% 5
\BOOKMARK [1][]{section*.12}{\376\377\000E\000i\000n\000l\000e\000i\000t\000u\000n\000g}{}% 6
\BOOKMARK [1][]{section.22}{\376\377\0001\000\040\000T\000h\000e\000o\000r\000e\000t\000i\000s\000c\000h\000e\000r\000\040\000R\000a\000h\000m\000e\000n}{}% 7
\BOOKMARK [2][]{subsection.25}{\376\377\0001\000.\0001\000\040\000V\000i\000r\000t\000u\000e\000l\000l\000e\000\040\000R\000e\000a\000l\000i\000t\000\344\000t}{section.22}% 8
\BOOKMARK [3][]{subsubsection.26}{\376\377\0001\000.\0001\000.\0001\000\040\000V\000o\000r\000b\000e\000d\000i\000n\000g\000u\000n\000g\000e\000n\000\040\000f\000\374\000r\000\040\000P\000r\000\344\000s\000e\000n\000z}{subsection.25}% 9
\BOOKMARK [3][]{subsubsection.30}{\376\377\0001\000.\0001\000.\0002\000\040\000I\000l\000l\000u\000s\000i\000o\000n\000\040\000d\000e\000r\000\040\000v\000i\000r\000t\000u\000e\000l\000l\000e\000n\000\040\000R\000e\000a\000l\000i\000t\000\344\000t}{subsection.25}% 10
\BOOKMARK [3][]{subsubsection.32}{\376\377\0001\000.\0001\000.\0003\000\040\000P\000r\000\344\000s\000e\000n\000z\000\040\000i\000n\000\040\000d\000e\000r\000\040\000v\000i\000r\000t\000u\000e\000l\000l\000e\000n\000\040\000R\000e\000a\000l\000i\000t\000\344\000t}{subsection.25}% 11
\BOOKMARK [2][]{subsection.33}{\376\377\0001\000.\0002\000\040\000A\000v\000a\000t\000a\000r\000e}{section.22}% 12
\BOOKMARK [3][]{subsubsection.35}{\376\377\0001\000.\0002\000.\0001\000\040\000R\000e\000p\000r\000\344\000s\000e\000n\000t\000a\000t\000i\000o\000n\000e\000n\000\040\000v\000o\000n\000\040\000A\000v\000a\000t\000a\000r\000e\000n}{subsection.33}% 13
\BOOKMARK [3][]{subsubsection.38}{\376\377\0001\000.\0002\000.\0002\000\040\000V\000o\000r\000w\000\344\000r\000t\000s\000k\000i\000n\000e\000m\000a\000t\000i\000k\000\040\000v\000s\000.\000\040\000i\000n\000v\000e\000r\000s\000e\000\040\000K\000i\000n\000e\000m\000a\000t\000i\000k}{subsection.33}% 14
\BOOKMARK [3][]{subsubsection.39}{\376\377\0001\000.\0002\000.\0003\000\040\000E\000i\000n\000f\000l\000u\000s\000s\000\040\000v\000o\000n\000\040\000A\000v\000a\000t\000a\000r\000e\000n}{subsection.33}% 15
\BOOKMARK [3][]{subsubsection.43}{\376\377\0001\000.\0002\000.\0004\000\040\000U\000n\000c\000a\000n\000n\000y\000-\000V\000a\000l\000l\000e\000y}{subsection.33}% 16
\BOOKMARK [2][]{subsection.45}{\376\377\0001\000.\0003\000\040\000T\000e\000a\000m\000s}{section.22}% 17
\BOOKMARK [3][]{subsubsection.46}{\376\377\0001\000.\0003\000.\0001\000\040\000V\000i\000r\000t\000u\000e\000l\000l\000e\000\040\000T\000e\000a\000m\000s}{subsection.45}% 18
\BOOKMARK [3][]{subsubsection.49}{\376\377\0001\000.\0003\000.\0002\000\040\000A\000u\000f\000b\000a\000u\000\040\000e\000i\000n\000e\000s\000\040\000v\000i\000r\000t\000u\000e\000l\000l\000e\000n\000\040\000T\000e\000a\000m\000s}{subsection.45}% 19
\BOOKMARK [3][]{subsubsection.50}{\376\377\0001\000.\0003\000.\0003\000\040\000T\000e\000a\000m\000e\000f\000f\000e\000k\000t\000i\000v\000i\000t\000\344\000t}{subsection.45}% 20
\BOOKMARK [2][]{subsection.52}{\376\377\0001\000.\0004\000\040\000V\000e\000r\000t\000r\000a\000u\000e\000n}{section.22}% 21
\BOOKMARK [3][]{subsubsection.53}{\376\377\0001\000.\0004\000.\0001\000\040\000D\000a\000s\000\040\000K\000o\000n\000s\000t\000r\000u\000k\000t\000\040\000V\000e\000r\000t\000r\000a\000u\000e\000n}{subsection.52}% 22
\BOOKMARK [3][]{subsubsection.54}{\376\377\0001\000.\0004\000.\0002\000\040\000V\000e\000r\000t\000r\000a\000u\000e\000n\000\040\000a\000l\000s\000\040\000E\000i\000g\000e\000n\000s\000c\000h\000a\000f\000t\000\040}{subsection.52}% 23
\BOOKMARK [3][]{subsubsection.55}{\376\377\0001\000.\0004\000.\0003\000\040\000V\000e\000r\000t\000r\000a\000u\000e\000n\000\040\000a\000l\000s\000\040\000Z\000u\000s\000t\000a\000n\000d}{subsection.52}% 24
\BOOKMARK [3][]{subsubsection.56}{\376\377\0001\000.\0004\000.\0004\000\040\000V\000e\000r\000t\000r\000a\000u\000e\000n\000s\000a\000u\000f\000b\000a\000u\000\040\000i\000n\000\040\000v\000i\000r\000t\000u\000e\000l\000l\000e\000n\000\040\000T\000e\000a\000m\000s}{subsection.52}% 25
\BOOKMARK [2][]{subsection.59}{\376\377\0001\000.\0005\000\040\000V\000e\000r\000s\000u\000c\000h\000s\000h\000y\000p\000o\000t\000h\000e\000s\000e\000n}{section.22}% 26
\BOOKMARK [3][]{subsubsection.60}{\376\377\0001\000.\0005\000.\0001\000\040\000D\000a\000s\000\040\000F\000r\000a\000m\000e\000w\000o\000r\000k}{subsection.59}% 27
\BOOKMARK [3][]{subsubsection.67}{\376\377\0001\000.\0005\000.\0002\000\040\000D\000i\000e\000\040\000V\000e\000r\000s\000u\000c\000h\000s\000h\000y\000p\000o\000t\000h\000e\000s\000e\000n}{subsection.59}% 28
\BOOKMARK [1][]{section.73}{\376\377\0002\000\040\000V\000o\000r\000g\000e\000h\000e\000n\000s\000w\000e\000i\000s\000e}{}% 29
\BOOKMARK [2][]{subsection.74}{\376\377\0002\000.\0001\000\040\000M\000e\000t\000h\000o\000d\000i\000k}{section.73}% 30
\BOOKMARK [3][]{subsubsection.75}{\376\377\0002\000.\0001\000.\0001\000\040\000F\000o\000r\000s\000c\000h\000u\000n\000g\000s\000d\000e\000s\000i\000g\000n}{subsection.74}% 31
\BOOKMARK [3][]{subsubsection.76}{\376\377\0002\000.\0001\000.\0002\000\040\000D\000a\000t\000e\000n\000e\000r\000h\000e\000b\000u\000n\000g\000s\000m\000e\000t\000h\000o\000d\000e\000n}{subsection.74}% 32
\BOOKMARK [2][]{subsection.86}{\376\377\0002\000.\0002\000\040\000D\000e\000r\000\040\000V\000e\000r\000s\000u\000c\000h}{section.73}% 33
\BOOKMARK [3][]{subsubsection.87}{\376\377\0002\000.\0002\000.\0001\000\040\000T\000e\000i\000l\000n\000e\000h\000m\000e\000r\000f\000i\000n\000d\000u\000n\000g}{subsection.86}% 34
\BOOKMARK [3][]{subsubsection.88}{\376\377\0002\000.\0002\000.\0002\000\040\000A\000l\000l\000g\000e\000m\000e\000i\000n\000e\000r\000\040\000V\000e\000r\000s\000u\000c\000h\000s\000a\000b\000l\000a\000u\000f}{subsection.86}% 35
\BOOKMARK [3][]{subsubsection.89}{\376\377\0002\000.\0002\000.\0003\000\040\000V\000e\000r\000s\000u\000c\000h\000s\000a\000u\000f\000b\000a\000u}{subsection.86}% 36
\BOOKMARK [3][]{subsubsection.91}{\376\377\0002\000.\0002\000.\0004\000\040\000D\000e\000t\000a\000i\000l\000l\000i\000e\000r\000t\000e\000r\000\040\000V\000e\000r\000s\000u\000c\000h\000s\000a\000b\000l\000a\000u\000f}{subsection.86}% 37
\BOOKMARK [3][]{subsubsection.93}{\376\377\0002\000.\0002\000.\0005\000\040\000D\000i\000e\000\040\000v\000e\000r\000w\000e\000n\000d\000e\000t\000e\000n\000\040\000A\000v\000a\000t\000a\000r\000e}{subsection.86}% 38
\BOOKMARK [2][]{subsection.103}{\376\377\0002\000.\0003\000\040\000D\000i\000e\000\040\000V\000e\000r\000s\000u\000c\000h\000s\000u\000m\000g\000e\000b\000u\000n\000g}{section.73}% 39
\BOOKMARK [3][]{subsubsection.104}{\376\377\0002\000.\0003\000.\0001\000\040\000T\000e\000c\000h\000n\000i\000k\000\040\000d\000e\000r\000\040\000V\000e\000r\000s\000u\000c\000h\000s\000u\000m\000g\000e\000b\000u\000n\000g}{subsection.103}% 40
\BOOKMARK [3][]{subsubsection.124}{\376\377\0002\000.\0003\000.\0002\000\040\000O\000p\000t\000i\000k\000\040\000d\000e\000r\000\040\000V\000e\000r\000s\000u\000c\000h\000s\000u\000m\000g\000e\000b\000u\000n\000g}{subsection.103}% 41
\BOOKMARK [1][]{section.131}{\376\377\0003\000\040\000S\000t\000a\000t\000i\000s\000t\000i\000s\000c\000h\000e\000\040\000A\000u\000s\000w\000e\000r\000t\000u\000n\000g}{}% 42
\BOOKMARK [2][]{subsection.132}{\376\377\0003\000.\0001\000\040\000T\000e\000i\000l\000n\000e\000h\000m\000e\000r\000\040\000u\000n\000d\000\040\000D\000e\000m\000o\000g\000r\000a\000f\000i\000e}{section.131}% 43
\BOOKMARK [2][]{subsection.144}{\376\377\0003\000.\0002\000\040\000A\000u\000s\000w\000e\000r\000t\000u\000n\000g\000\040\000H\000y\000p\000o\000t\000h\000e\000s\000e\000\040\0001}{section.131}% 44
\BOOKMARK [2][]{subsection.149}{\376\377\0003\000.\0003\000\040\000A\000u\000s\000w\000e\000r\000t\000u\000n\000g\000\040\000H\000y\000p\000o\000t\000h\000e\000s\000e\000\040\0002}{section.131}% 45
\BOOKMARK [2][]{subsection.158}{\376\377\0003\000.\0004\000\040\000A\000u\000s\000w\000e\000r\000t\000u\000n\000g\000\040\000H\000y\000p\000o\000t\000h\000e\000s\000e\000\040\0003}{section.131}% 46
\BOOKMARK [2][]{subsection.167}{\376\377\0003\000.\0005\000\040\000A\000u\000s\000w\000e\000r\000t\000u\000n\000g\000\040\000H\000y\000p\000o\000t\000h\000e\000s\000e\000\040\0004}{section.131}% 47
\BOOKMARK [2][]{subsection.171}{\376\377\0003\000.\0006\000\040\000A\000u\000s\000w\000e\000r\000t\000u\000n\000g\000\040\000H\000y\000p\000o\000t\000h\000e\000s\000e\000\040\0005}{section.131}% 48
\BOOKMARK [2][]{subsection.182}{\376\377\0003\000.\0007\000\040\000A\000u\000s\000w\000e\000r\000t\000u\000n\000g\000\040\000s\000u\000b\000j\000e\000k\000t\000i\000v\000e\000r\000\040\000D\000a\000t\000e\000n}{section.131}% 49
\BOOKMARK [1][]{section.211}{\376\377\0004\000\040\000A\000n\000a\000l\000y\000s\000e}{}% 50
\BOOKMARK [2][]{subsection.212}{\376\377\0004\000.\0001\000\040\000A\000n\000a\000l\000y\000s\000e\000\040\000d\000e\000s\000\040\000k\000o\000g\000n\000i\000t\000i\000v\000e\000n\000\040\000V\000e\000r\000t\000r\000a\000u\000e\000n\000s}{section.211}% 51
\BOOKMARK [2][]{subsection.213}{\376\377\0004\000.\0002\000\040\000A\000n\000a\000l\000y\000s\000e\000\040\000d\000e\000r\000\040\000T\000e\000a\000m\000e\000f\000f\000e\000k\000t\000i\000v\000i\000t\000\344\000t}{section.211}% 52
\BOOKMARK [2][]{subsection.215}{\376\377\0004\000.\0003\000\040\000A\000n\000a\000l\000y\000s\000e\000\040\000d\000e\000r\000\040\000s\000u\000b\000j\000e\000k\000t\000i\000v\000e\000n\000\040\000D\000a\000t\000e\000n}{section.211}% 53
\BOOKMARK [2][]{subsection.216}{\376\377\0004\000.\0004\000\040\000A\000n\000a\000l\000y\000s\000e\000\040\000d\000e\000r\000\040\000t\000e\000c\000h\000n\000i\000s\000c\000h\000e\000n\000\040\000A\000n\000f\000o\000r\000d\000e\000r\000u\000n\000g\000e\000n}{section.211}% 54
\BOOKMARK [2][]{subsection.218}{\376\377\0004\000.\0005\000\040\000Z\000u\000s\000a\000m\000m\000e\000n\000f\000a\000s\000s\000u\000n\000g\000\040\000d\000e\000r\000\040\000A\000n\000a\000l\000y\000s\000e}{section.211}% 55
\BOOKMARK [1][]{section.220}{\376\377\0005\000\040\000D\000i\000s\000k\000u\000s\000s\000i\000o\000n}{}% 56
\BOOKMARK [2][]{subsection.222}{\376\377\0005\000.\0001\000\040\000V\000e\000r\000t\000r\000a\000u\000e\000n\000s\000a\000u\000f\000b\000a\000u\000\040\000u\000n\000d\000\040\000T\000e\000a\000m\000e\000f\000f\000e\000k\000t\000i\000v\000i\000t\000\344\000t}{section.220}% 57
\BOOKMARK [2][]{subsection.226}{\376\377\0005\000.\0002\000\040\000A\000v\000a\000t\000a\000r\000-\000K\000o\000n\000d\000i\000t\000i\000o\000n\000e\000n\000\040\000u\000n\000d\000\040\000P\000r\000\344\000s\000e\000n\000z}{section.220}% 58
\BOOKMARK [2][]{subsection.231}{\376\377\0005\000.\0003\000\040\000S\000c\000h\000w\000i\000e\000r\000i\000g\000k\000e\000i\000t\000\040\000d\000e\000s\000\040\000E\000x\000p\000e\000r\000i\000m\000e\000n\000t\000s}{section.220}% 59
\BOOKMARK [2][]{subsection.232}{\376\377\0005\000.\0004\000\040\000L\000i\000m\000i\000t\000i\000e\000r\000u\000n\000g\000e\000n}{section.220}% 60
\BOOKMARK [2][]{subsection.234}{\376\377\0005\000.\0005\000\040\000A\000u\000s\000b\000l\000i\000c\000k}{section.220}% 61
\BOOKMARK [1][]{section.235}{\376\377\0006\000\040\000Z\000u\000s\000a\000m\000m\000e\000n\000f\000a\000s\000s\000u\000n\000g}{}% 62
\BOOKMARK [1][]{section*.237}{\376\377\000A\000n\000h\000a\000n\000g}{}% 63
\BOOKMARK [2][]{subsection.238}{\376\377\000A\000\040\000P\000r\000e\000-\000Q\000u\000e\000s\000t\000i\000o\000n\000n\000a\000i\000r\000e}{section*.237}% 64
\BOOKMARK [2][]{subsection.245}{\376\377\000B\000\040\000P\000o\000s\000t\000-\000Q\000u\000e\000s\000t\000i\000o\000n\000n\000a\000i\000r\000e\000\040\000-\000\040\000K\000o\000n\000d\000i\000t\000i\000o\000n\000s\000a\000b\000f\000r\000a\000g\000e}{section*.237}% 65
\BOOKMARK [2][]{subsection.247}{\376\377\000C\000\040\000P\000o\000s\000t\000-\000Q\000u\000e\000s\000t\000i\000o\000n\000n\000a\000i\000r\000e\000\040\000-\000\040\000G\000e\000n\000e\000r\000e\000l\000l\000e\000s\000\040\000V\000e\000r\000t\000r\000a\000u\000e\000n}{section*.237}% 66
\BOOKMARK [2][]{subsection.252}{\376\377\000D\000\040\000P\000o\000s\000t\000-\000Q\000u\000e\000s\000t\000i\000o\000n\000n\000a\000i\000r\000e\000\040\000-\000\040\000K\000o\000g\000n\000i\000t\000i\000v\000e\000s\000\040\000V\000e\000r\000t\000r\000a\000u\000e\000n}{section*.237}% 67
\BOOKMARK [2][]{subsection.255}{\376\377\000E\000\040\000P\000o\000s\000t\000-\000Q\000u\000e\000s\000t\000i\000o\000n\000n\000a\000i\000r\000e\000\040\000-\000\040\000T\000e\000a\000m\000k\000o\000m\000m\000u\000n\000i\000k\000a\000t\000i\000o\000n}{section*.237}% 68
\BOOKMARK [2][]{subsection.257}{\376\377\000F\000\040\000P\000o\000s\000t\000-\000Q\000u\000e\000s\000t\000i\000o\000n\000n\000a\000i\000r\000e\000\040\000-\000\040\000T\000e\000a\000m\000-\000E\000f\000f\000e\000k\000t\000i\000v\000i\000t\000\344\000t}{section*.237}% 69
\BOOKMARK [2][]{subsection.259}{\376\377\000G\000\040\000P\000o\000s\000t\000-\000Q\000u\000e\000s\000t\000i\000o\000n\000n\000a\000i\000r\000e\000\040\000-\000\040\000N\000A\000S\000A\000-\000T\000L\000X}{section*.237}% 70
\BOOKMARK [2][]{subsection.266}{\376\377\000H\000\040\000P\000o\000s\000t\000-\000Q\000u\000e\000s\000t\000i\000o\000n\000n\000a\000i\000r\000e\000\040\000-\000\040\000I\000P\000Q}{section*.237}% 71
\BOOKMARK [2][]{subsection.270}{\376\377\000I\000\040\000P\000o\000s\000t\000-\000Q\000u\000e\000s\000t\000i\000o\000n\000n\000a\000i\000r\000e\000\040\000-\000\040\000C\000o\000-\000P\000r\000e\000s\000e\000n\000c\000e}{section*.237}% 72
\BOOKMARK [2][]{subsection.277}{\376\377\000J\000\040\000E\000l\000e\000k\000t\000r\000o\000n\000i\000s\000c\000h\000e\000r\000\040\000A\000n\000h\000a\000n\000g}{section*.237}% 73
\BOOKMARK [2][]{subsection.281}{\376\377\000K\000\040\000W\000e\000i\000t\000e\000r\000e\000s}{section*.237}% 74
