\BOOKMARK [1][-]{section*.2}{\376\377\000A\000b\000s\000t\000r\000a\000c\000t}{}% 1
\BOOKMARK [1][-]{section.1}{\376\377\0001\000\040\000I\000N\000T\000R\000O\000D\000U\000C\000T\000I\000O\000N}{}% 2
\BOOKMARK [1][-]{section.2}{\376\377\0002\000\040\000R\000E\000L\000E\000A\000T\000E\000D\000\040\000W\000O\000R\000K}{}% 3
\BOOKMARK [2][-]{subsection.2.1}{\376\377\0002\000.\0001\000\040\000T\000R\000U\000S\000T}{section.2}% 4
\BOOKMARK [2][-]{subsection.2.2}{\376\377\0002\000.\0002\000\040\000V\000I\000R\000T\000U\000A\000L\000\040\000T\000E\000A\000M\000S}{section.2}% 5
\BOOKMARK [2][-]{subsection.2.3}{\376\377\0002\000.\0003\000\040\000A\000V\000A\000T\000A\000R\000S\000\040\000A\000N\000D\000\040\000T\000R\000U\000S\000T}{section.2}% 6
\BOOKMARK [1][-]{section.3}{\376\377\0003\000\040\000M\000E\000T\000H\000O\000D}{}% 7
\BOOKMARK [2][-]{subsection.3.1}{\376\377\0003\000.\0001\000\040\000P\000A\000R\000T\000I\000C\000I\000P\000A\000N\000T\000S}{section.3}% 8
\BOOKMARK [2][-]{subsection.3.2}{\376\377\0003\000.\0002\000\040\000P\000R\000O\000C\000E\000D\000U\000R\000E\000\040\000A\000N\000D\000\040\000I\000M\000P\000L\000E\000M\000E\000N\000T\000A\000T\000I\000O\000N}{section.3}% 9
\BOOKMARK [2][-]{subsection.3.3}{\376\377\0003\000.\0003\000\040\000D\000E\000T\000A\000I\000L\000E\000D\000\040\000T\000E\000S\000T\000\040\000E\000X\000E\000C\000U\000T\000I\000O\000N}{section.3}% 10
\BOOKMARK [1][-]{section.4}{\376\377\0004\000\040\000R\000E\000S\000U\000L\000T\000S}{}% 11
\BOOKMARK [2][-]{subsection.4.1}{\376\377\0004\000.\0001\000\040\000H\000Y\000P\000O\000T\000H\000E\000S\000I\000S}{section.4}% 12
\BOOKMARK [2][-]{subsection.4.2}{\376\377\0004\000.\0002\000\040\000S\000U\000B\000J\000E\000C\000T\000I\000V\000E\000\040\000D\000A\000T\000A}{section.4}% 13
\BOOKMARK [1][-]{section.5}{\376\377\0005\000\040\000D\000I\000S\000C\000U\000S\000S\000I\000O\000N}{}% 14
\BOOKMARK [2][-]{subsection.5.1}{\376\377\0005\000.\0001\000\040\000B\000U\000I\000L\000D\000I\000N\000G\000\040\000T\000R\000U\000S\000T\000\040\000T\000H\000R\000O\000U\000G\000H\000\040\000D\000I\000F\000F\000E\000R\000E\000N\000T\000\040\000A\000V\000A\000T\000A\000R\000\040\000C\000O\000N\000D\000I\000T\000I\000O\000N\000S}{section.5}% 15
\BOOKMARK [2][-]{subsection.5.2}{\376\377\0005\000.\0002\000\040\000B\000U\000I\000L\000D\000I\000N\000G\000\040\000T\000R\000U\000S\000T\000\040\000T\000H\000R\000O\000U\000G\000H\000\040\000G\000E\000N\000E\000R\000A\000L\000\040\000T\000R\000U\000S\000T}{section.5}% 16
\BOOKMARK [2][-]{subsection.5.3}{\376\377\0005\000.\0003\000\040\000T\000R\000U\000S\000T\000\040\000I\000N\000\040\000T\000H\000E\000\040\000T\000E\000A\000M\000\040\000A\000N\000D\000\040\000T\000E\000A\000M\000\040\000E\000F\000F\000E\000C\000T\000I\000V\000E\000N\000E\000S\000S}{section.5}% 17
\BOOKMARK [2][-]{subsection.5.4}{\376\377\0005\000.\0004\000\040\000L\000I\000M\000I\000T\000A\000T\000I\000O\000N\000S}{section.5}% 18
\BOOKMARK [1][-]{section.6}{\376\377\0006\000\040\000C\000O\000N\000C\000L\000U\000S\000I\000O\000N\000\040\000A\000N\000D\000\040\000F\000U\000T\000U\000R\000E\000\040\000W\000O\000R\000K}{}% 19
\BOOKMARK [1][-]{section*.14}{\376\377\000R\000e\000f\000e\000r\000e\000n\000c\000e\000s}{}% 20
