\BOOKMARK [1][-]{section*.2}{\376\377\000A\000b\000s\000t\000r\000a\000c\000t}{}% 1
\BOOKMARK [1][-]{section.1}{\376\377\0001\000\040\000I\000N\000T\000R\000O\000D\000U\000C\000T\000I\000O\000N}{}% 2
\BOOKMARK [1][-]{section.2}{\376\377\0002\000\040\000R\000E\000L\000E\000A\000T\000E\000D\000\040\000W\000O\000R\000D}{}% 3
\BOOKMARK [2][-]{subsection.2.1}{\376\377\0002\000.\0001\000\040\000T\000R\000U\000S\000T}{section.2}% 4
\BOOKMARK [2][-]{subsection.2.2}{\376\377\0002\000.\0002\000\040\000V\000I\000R\000T\000U\000A\000L\000\040\000T\000E\000A\000M\000S}{section.2}% 5
\BOOKMARK [2][-]{subsection.2.3}{\376\377\0002\000.\0003\000\040\000A\000V\000A\000T\000A\000R\000S\000\040\000A\000N\000D\000\040\000T\000R\000U\000S\000T}{section.2}% 6
\BOOKMARK [1][-]{section.3}{\376\377\0003\000\040\000M\000E\000T\000H\000O\000D\000S}{}% 7
\BOOKMARK [2][-]{subsection.3.1}{\376\377\0003\000.\0001\000\040\000M\000E\000A\000S\000U\000R\000I\000N\000G\000\040\000M\000E\000T\000H\000O\000D\000S}{section.3}% 8
\BOOKMARK [2][-]{subsection.3.2}{\376\377\0003\000.\0002\000\040\000P\000A\000R\000T\000I\000C\000I\000P\000A\000N\000T\000S}{section.3}% 9
\BOOKMARK [2][-]{subsection.3.3}{\376\377\0003\000.\0003\000\040\000P\000R\000O\000C\000E\000D\000U\000R\000E}{section.3}% 10
\BOOKMARK [2][-]{subsection.3.4}{\376\377\0003\000.\0004\000\040\000I\000M\000P\000L\000E\000M\000E\000N\000T\000A\000T\000I\000O\000N}{section.3}% 11
\BOOKMARK [1][-]{section.4}{\376\377\0004\000\040\000S\000T\000A\000T\000I\000S\000T\000I\000C\000A\000L\000\040\000R\000E\000S\000U\000L\000T\000S}{}% 12
\BOOKMARK [1][-]{section.5}{\376\377\0005\000\040\000R\000E\000S\000U\000L\000T\000S}{}% 13
\BOOKMARK [2][-]{subsection.5.1}{\376\377\0005\000.\0001\000\040\000D\000I\000S\000C\000U\000S\000S\000I\000O\000N}{section.5}% 14
\BOOKMARK [2][-]{subsection.5.2}{\376\377\0005\000.\0002\000\040\000L\000I\000M\000I\000T\000A\000T\000I\000O\000N\000S}{section.5}% 15
\BOOKMARK [1][-]{section.6}{\376\377\0006\000\040\000C\000O\000N\000C\000L\000U\000S\000I\000O\000N}{}% 16
\BOOKMARK [2][-]{subsection.6.1}{\376\377\0006\000.\0001\000\040\000T\000e\000m\000p\000l\000a\000t\000e\000\040\000P\000a\000r\000a\000m\000e\000t\000e\000r\000s}{section.6}% 17
\BOOKMARK [1][-]{section.7}{\376\377\0007\000\040\000M\000o\000d\000i\000f\000i\000c\000a\000t\000i\000o\000n\000s}{}% 18
\BOOKMARK [1][-]{section.8}{\376\377\0008\000\040\000T\000y\000p\000e\000f\000a\000c\000e\000s}{}% 19
\BOOKMARK [1][-]{section.9}{\376\377\0009\000\040\000T\000i\000t\000l\000e\000\040\000I\000n\000f\000o\000r\000m\000a\000t\000i\000o\000n}{}% 20
\BOOKMARK [1][-]{section.10}{\376\377\0001\0000\000\040\000A\000u\000t\000h\000o\000r\000s\000\040\000a\000n\000d\000\040\000A\000f\000f\000i\000l\000i\000a\000t\000i\000o\000n\000s}{}% 21
\BOOKMARK [1][-]{section.11}{\376\377\0001\0001\000\040\000R\000i\000g\000h\000t\000s\000\040\000I\000n\000f\000o\000r\000m\000a\000t\000i\000o\000n}{}% 22
\BOOKMARK [1][-]{section.12}{\376\377\0001\0002\000\040\000C\000C\000S\000\040\000C\000o\000n\000c\000e\000p\000t\000s\000\040\000a\000n\000d\000\040\000U\000s\000e\000r\000-\000D\000e\000f\000i\000n\000e\000d\000\040\000K\000e\000y\000w\000o\000r\000d\000s}{}% 23
\BOOKMARK [1][-]{section.13}{\376\377\0001\0003\000\040\000S\000e\000c\000t\000i\000o\000n\000i\000n\000g\000\040\000C\000o\000m\000m\000a\000n\000d\000s}{}% 24
\BOOKMARK [1][-]{section.14}{\376\377\0001\0004\000\040\000T\000a\000b\000l\000e\000s}{}% 25
\BOOKMARK [1][-]{section.15}{\376\377\0001\0005\000\040\000M\000a\000t\000h\000\040\000E\000q\000u\000a\000t\000i\000o\000n\000s}{}% 26
\BOOKMARK [2][-]{subsection.15.1}{\376\377\0001\0005\000.\0001\000\040\000I\000n\000l\000i\000n\000e\000\040\000\050\000I\000n\000-\000t\000e\000x\000t\000\051\000\040\000E\000q\000u\000a\000t\000i\000o\000n\000s}{section.15}% 27
\BOOKMARK [2][-]{subsection.15.2}{\376\377\0001\0005\000.\0002\000\040\000D\000i\000s\000p\000l\000a\000y\000\040\000E\000q\000u\000a\000t\000i\000o\000n\000s}{section.15}% 28
\BOOKMARK [1][-]{section.16}{\376\377\0001\0006\000\040\000F\000i\000g\000u\000r\000e\000s}{}% 29
\BOOKMARK [2][-]{subsection.16.1}{\376\377\0001\0006\000.\0001\000\040\000T\000h\000e\000\040\000`\000`\000T\000e\000a\000s\000e\000r\000\040\000F\000i\000g\000u\000r\000e\000'\000'}{section.16}% 30
\BOOKMARK [1][-]{section.17}{\376\377\0001\0007\000\040\000C\000i\000t\000a\000t\000i\000o\000n\000s\000\040\000a\000n\000d\000\040\000B\000i\000b\000l\000i\000o\000g\000r\000a\000p\000h\000i\000e\000s}{}% 31
\BOOKMARK [1][-]{section.18}{\376\377\0001\0008\000\040\000A\000c\000k\000n\000o\000w\000l\000e\000d\000g\000m\000e\000n\000t\000s}{}% 32
\BOOKMARK [1][-]{section.19}{\376\377\0001\0009\000\040\000A\000p\000p\000e\000n\000d\000i\000c\000e\000s}{}% 33
\BOOKMARK [1][-]{section.20}{\376\377\0002\0000\000\040\000S\000I\000G\000C\000H\000I\000\040\000E\000x\000t\000e\000n\000d\000e\000d\000\040\000A\000b\000s\000t\000r\000a\000c\000t\000s}{}% 34
\BOOKMARK [1][-]{section*.25}{\376\377\000A\000c\000k\000n\000o\000w\000l\000e\000d\000g\000m\000e\000n\000t\000s}{}% 35
\BOOKMARK [1][-]{appendix.A}{\376\377\000A\000\040\000R\000e\000s\000e\000a\000r\000c\000h\000\040\000M\000e\000t\000h\000o\000d\000s}{}% 36
\BOOKMARK [2][-]{subsection.A.1}{\376\377\000A\000.\0001\000\040\000P\000a\000r\000t\000\040\000O\000n\000e}{appendix.A}% 37
\BOOKMARK [2][-]{subsection.A.2}{\376\377\000A\000.\0002\000\040\000P\000a\000r\000t\000\040\000T\000w\000o}{appendix.A}% 38
\BOOKMARK [1][-]{appendix.B}{\376\377\000B\000\040\000O\000n\000l\000i\000n\000e\000\040\000R\000e\000s\000o\000u\000r\000c\000e\000s}{}% 39
